Copyright 1986-2022 Xilinx, Inc. All Rights Reserved. Copyright 2022-2025 Advanced Micro Devices, Inc. All Rights Reserved.
-------------------------------------------------------------------------------------------------------------------------------------------------
| Tool Version     : Vivado v.2025.1 (win64) Build 6140274 Thu May 22 00:12:29 MDT 2025
| Date             : Sat Mar 28 16:13:09 2026
| Host             : Adam_Olatunji running 64-bit major release  (build 9200)
| Command          : report_power -file C:/Users/adamo/Downloads/AES128/power_impl.rpt
| Design           : design_3_wrapper
| Device           : xc7z010clg400-1
| Design State     : routed
| Grade            : commercial
| Process          : typical
| Characterization : Production
-------------------------------------------------------------------------------------------------------------------------------------------------

Power Report

Table of Contents
-----------------
1. Summary
1.1 On-Chip Components
1.2 Power Supply Summary
1.3 Confidence Level
2. Settings
2.1 Environment
2.2 Clock Constraints
3. Detailed Reports
3.1 By Hierarchy

1. Summary
----------

+--------------------------+--------------+
| Total On-Chip Power (W)  | 1.842        |
| Design Power Budget (W)  | Unspecified* |
| Power Budget Margin (W)  | NA           |
| Dynamic (W)              | 1.715        |
| Device Static (W)        | 0.127        |
| Effective TJA (C/W)      | 11.5         |
| Max Ambient (C)          | 63.8         |
| Junction Temperature (C) | 46.2         |
| Confidence Level         | Medium       |
| Setting File             | ---          |
| Simulation Activity File | ---          |
| Design Nets Matched      | NA           |
+--------------------------+--------------+
* Specify Design Power Budget using, set_operating_conditions -design_power_budget <value in Watts>


1.1 On-Chip Components
----------------------

+--------------------------+-----------+----------+-----------+-----------------+
| On-Chip                  | Power (W) | Used     | Available | Utilization (%) |
+--------------------------+-----------+----------+-----------+-----------------+
| Clocks                   |     0.040 |        6 |       --- |             --- |
| Slice Logic              |     0.044 |    35437 |       --- |             --- |
|   LUT as Logic           |     0.039 |    11433 |     17600 |           64.96 |
|   LUT as Distributed RAM |     0.002 |     1496 |      6000 |           24.93 |
|   Register               |     0.002 |    15257 |     35200 |           43.34 |
|   F7/F8 Muxes            |    <0.001 |      626 |     17600 |            3.56 |
|   CARRY4                 |    <0.001 |      238 |      4400 |            5.41 |
|   LUT as Shift Register  |    <0.001 |      212 |      6000 |            3.53 |
|   Others                 |     0.000 |     1527 |       --- |             --- |
| Signals                  |     0.069 |    22933 |       --- |             --- |
| Block RAM                |     0.001 |       34 |        60 |           56.67 |
| PS7                      |     1.561 |        1 |       --- |             --- |
| Static Power             |     0.127 |          |           |                 |
| Total                    |     1.842 |          |           |                 |
+--------------------------+-----------+----------+-----------+-----------------+


1.2 Power Supply Summary
------------------------

+-----------+-------------+-----------+-------------+------------+-------------+-------------+------------+
| Source    | Voltage (V) | Total (A) | Dynamic (A) | Static (A) | Powerup (A) | Budget (A)  | Margin (A) |
+-----------+-------------+-----------+-------------+------------+-------------+-------------+------------+
| Vccint    |       1.000 |     0.163 |       0.154 |      0.009 |       NA    | Unspecified | NA         |
| Vccaux    |       1.800 |     0.008 |       0.000 |      0.008 |       NA    | Unspecified | NA         |
| Vcco33    |       3.300 |     0.000 |       0.000 |      0.000 |       NA    | Unspecified | NA         |
| Vcco25    |       2.500 |     0.000 |       0.000 |      0.000 |       NA    | Unspecified | NA         |
| Vcco18    |       1.800 |     0.000 |       0.000 |      0.000 |       NA    | Unspecified | NA         |
| Vcco15    |       1.500 |     0.000 |       0.000 |      0.000 |       NA    | Unspecified | NA         |
| Vcco135   |       1.350 |     0.000 |       0.000 |      0.000 |       NA    | Unspecified | NA         |
| Vcco12    |       1.200 |     0.000 |       0.000 |      0.000 |       NA    | Unspecified | NA         |
| Vccaux_io |       1.800 |     0.000 |       0.000 |      0.000 |       NA    | Unspecified | NA         |
| Vccbram   |       1.000 |     0.003 |       0.000 |      0.003 |       NA    | Unspecified | NA         |
| MGTAVcc   |       1.000 |     0.000 |       0.000 |      0.000 |       NA    | Unspecified | NA         |
| MGTAVtt   |       1.200 |     0.000 |       0.000 |      0.000 |       NA    | Unspecified | NA         |
| MGTVccaux |       1.800 |     0.000 |       0.000 |      0.000 |       NA    | Unspecified | NA         |
| Vccpint   |       1.000 |     0.739 |       0.707 |      0.032 |       NA    | Unspecified | NA         |
| Vccpaux   |       1.800 |     0.085 |       0.074 |      0.010 |       NA    | Unspecified | NA         |
| Vccpll    |       1.800 |     0.017 |       0.014 |      0.003 |       NA    | Unspecified | NA         |
| Vcco_ddr  |       1.500 |     0.458 |       0.456 |      0.002 |       NA    | Unspecified | NA         |
| Vcco_mio0 |       3.300 |     0.003 |       0.002 |      0.001 |       NA    | Unspecified | NA         |
| Vcco_mio1 |       1.800 |     0.004 |       0.003 |      0.001 |       NA    | Unspecified | NA         |
| Vccadc    |       1.800 |     0.020 |       0.000 |      0.020 |       NA    | Unspecified | NA         |
+-----------+-------------+-----------+-------------+------------+-------------+-------------+------------+


1.3 Confidence Level
--------------------

+-----------------------------+------------+------------------------------------------------+------------------------------------------------------------------------------------------------------------+
| User Input Data             | Confidence | Details                                        | Action                                                                                                     |
+-----------------------------+------------+------------------------------------------------+------------------------------------------------------------------------------------------------------------+
| Design implementation state | High       | Design is routed                               |                                                                                                            |
| Clock nodes activity        | High       | User specified more than 95% of clocks         |                                                                                                            |
| I/O nodes activity          | High       | User specified more than 95% of inputs         |                                                                                                            |
| Internal nodes activity     | Medium     | User specified less than 25% of internal nodes | Provide missing internal nodes activity with simulation results or by editing the "By Resource Type" views |
| Device models               | High       | Device models are Production                   |                                                                                                            |
|                             |            |                                                |                                                                                                            |
| Overall confidence level    | Medium     |                                                |                                                                                                            |
+-----------------------------+------------+------------------------------------------------+------------------------------------------------------------------------------------------------------------+


2. Settings
-----------

2.1 Environment
---------------

+-----------------------+------------------------+
| Ambient Temp (C)      | 25.0                   |
| ThetaJA (C/W)         | 11.5                   |
| Airflow (LFM)         | 250                    |
| Heat Sink             | none                   |
| ThetaSA (C/W)         | 0.0                    |
| Board Selection       | medium (10"x10")       |
| # of Board Layers     | 8to11 (8 to 11 Layers) |
| Board Temperature (C) | 25.0                   |
+-----------------------+------------------------+


2.2 Clock Constraints
---------------------

+-------------------------------------------------------------------------------------------------+-------------------------------------------------------------------------------------------------+-----------------+
| Clock                                                                                           | Domain                                                                                          | Constraint (ns) |
+-------------------------------------------------------------------------------------------------+-------------------------------------------------------------------------------------------------+-----------------+
| clk_fpga_0                                                                                      | design_3_i/processing_system7_0/inst/FCLK_CLK_unbuffered[0]                                     |            10.0 |
| design_3_i/mdm_1/U0/MDM_Core_I1/JTAG_CONTROL_I/Test_Access_Port.BUFG_UPDATE/Using_FPGA.Native/O | design_3_i/mdm_1/U0/MDM_Core_I1/JTAG_CONTROL_I/Test_Access_Port.BUFG_UPDATE/Using_FPGA.Native_0 |            66.7 |
| design_3_i/mdm_1/U0/Use_E2.BSCAN_I/Use_E2.BSCANE2_I/TCK                                         | design_3_i/mdm_1/U0/Use_E2.BSCAN_I/tck                                                          |            33.3 |
| design_3_i/mdm_1/U0/Use_E2.BSCAN_I/Use_E2.BSCANE2_I/UPDATE                                      | design_3_i/mdm_1/U0/Use_E2.BSCAN_I/Use_E2.BSCANE2_I_n_9                                         |            33.3 |
+-------------------------------------------------------------------------------------------------+-------------------------------------------------------------------------------------------------+-----------------+


3. Detailed Reports
-------------------

3.1 By Hierarchy
----------------

+-------------------------------------+-----------+
| Name                                | Power (W) |
+-------------------------------------+-----------+
| design_3_wrapper                    |     1.715 |
|   design_3_i                        |     1.715 |
|     AES_AXI_Core_0                  |     0.057 |
|       inst                          |     0.057 |
|     axi_dma_0                       |     0.007 |
|       U0                            |     0.007 |
|     axi_smc                         |     0.069 |
|       inst                          |     0.069 |
|     axi_timer_0                     |     0.004 |
|       U0                            |     0.004 |
|     microblaze_riscv_0              |     0.015 |
|       U0                            |     0.015 |
|     microblaze_riscv_0_local_memory |     0.001 |
|       lmb_bram                      |     0.001 |
|     processing_system7_0            |     1.561 |
|       inst                          |     1.561 |
+-------------------------------------+-----------+


