Copyright 1986-2022 Xilinx, Inc. All Rights Reserved. Copyright 2022-2025 Advanced Micro Devices, Inc. All Rights Reserved.
---------------------------------------------------------------------------------------------------------------------------------------------
| Tool Version : Vivado v.2025.1 (win64) Build 6140274 Thu May 22 00:12:29 MDT 2025
| Date         : Sat Mar 28 16:13:04 2026
| Host         : Adam_Olatunji running 64-bit major release  (build 9200)
| Command      : report_timing_summary -file C:/Users/adamo/Downloads/AES128/timing_impl.rpt
| Design       : design_3_wrapper
| Device       : 7z010-clg400
| Speed File   : -1  PRODUCTION 1.12 2019-11-22
| Design State : Routed
---------------------------------------------------------------------------------------------------------------------------------------------

Timing Summary Report

------------------------------------------------------------------------------------------------
| Timer Settings
| --------------
------------------------------------------------------------------------------------------------

  Enable Multi Corner Analysis               :  Yes
  Enable Pessimism Removal                   :  Yes
  Pessimism Removal Resolution               :  Nearest Common Node
  Enable Input Delay Default Clock           :  No
  Enable Preset / Clear Arcs                 :  No
  Disable Flight Delays                      :  No
  Ignore I/O Paths                           :  No
  Timing Early Launch at Borrowing Latches   :  No
  Borrow Time for Max Delay Exceptions       :  Yes
  Merge Timing Exceptions                    :  Yes
  Inter-SLR Compensation                     :  Conservative

  Corner  Analyze    Analyze    
  Name    Max Paths  Min Paths  
  ------  ---------  ---------  
  Slow    Yes        Yes        
  Fast    Yes        Yes        


------------------------------------------------------------------------------------------------
| Report Methodology
| ------------------
------------------------------------------------------------------------------------------------

Rule      Severity  Description                                Violations  
--------  --------  -----------------------------------------  ----------  
LUTAR-1   Warning   LUT drives async reset alert               2           
TIMING-9  Warning   Unknown CDC Logic                          1           
ULMTCS-2  Warning   Control Sets use limits require reduction  1           

Note: This report is based on the most recent report_methodology run and may not be up-to-date. Run report_methodology on the current design for the latest report.



check_timing report

Table of Contents
-----------------
1. checking no_clock (0)
2. checking constant_clock (0)
3. checking pulse_width_clock (0)
4. checking unconstrained_internal_endpoints (0)
5. checking no_input_delay (0)
6. checking no_output_delay (0)
7. checking multiple_clock (0)
8. checking generated_clocks (0)
9. checking loops (0)
10. checking partial_input_delay (0)
11. checking partial_output_delay (0)
12. checking latch_loops (0)

1. checking no_clock (0)
------------------------
 There are 0 register/latch pins with no clock.


2. checking constant_clock (0)
------------------------------
 There are 0 register/latch pins with constant_clock.


3. checking pulse_width_clock (0)
---------------------------------
 There are 0 register/latch pins which need pulse_width check


4. checking unconstrained_internal_endpoints (0)
------------------------------------------------
 There are 0 pins that are not constrained for maximum delay.

 There are 0 pins that are not constrained for maximum delay due to constant clock.


5. checking no_input_delay (0)
------------------------------
 There are 0 input ports with no input delay specified.

 There are 0 input ports with no input delay but user has a false path constraint.


6. checking no_output_delay (0)
-------------------------------
 There are 0 ports with no output delay specified.

 There are 0 ports with no output delay but user has a false path constraint

 There are 0 ports with no output delay but with a timing clock defined on it or propagating through it


7. checking multiple_clock (0)
------------------------------
 There are 0 register/latch pins with multiple clocks.


8. checking generated_clocks (0)
--------------------------------
 There are 0 generated clocks that are not connected to a clock source.


9. checking loops (0)
---------------------
 There are 0 combinational loops in the design.


10. checking partial_input_delay (0)
------------------------------------
 There are 0 input ports with partial input delay specified.


11. checking partial_output_delay (0)
-------------------------------------
 There are 0 ports with partial output delay specified.


12. checking latch_loops (0)
----------------------------
 There are 0 combinational latch loops in the design through latch input



------------------------------------------------------------------------------------------------
| Design Timing Summary
| ---------------------
------------------------------------------------------------------------------------------------

    WNS(ns)      TNS(ns)  TNS Failing Endpoints  TNS Total Endpoints      WHS(ns)      THS(ns)  THS Failing Endpoints  THS Total Endpoints     WPWS(ns)     TPWS(ns)  TPWS Failing Endpoints  TPWS Total Endpoints  
    -------      -------  ---------------------  -------------------      -------      -------  ---------------------  -------------------     --------     --------  ----------------------  --------------------  
      0.171        0.000                      0                58504        0.028        0.000                      0                58504        3.750        0.000                       0                 18620  


All user specified timing constraints are met.


------------------------------------------------------------------------------------------------
| Clock Summary
| -------------
------------------------------------------------------------------------------------------------

Clock                                                                                              Waveform(ns)       Period(ns)      Frequency(MHz)
-----                                                                                              ------------       ----------      --------------
clk_fpga_0                                                                                         {0.000 5.000}      10.000          100.000         
design_3_i/mdm_1/U0/Use_E2.BSCAN_I/Use_E2.BSCANE2_I/TCK                                            {0.000 16.666}     33.333          30.000          
  design_3_i/mdm_1/U0/MDM_Core_I1/JTAG_CONTROL_I/Test_Access_Port.BUFG_UPDATE/Using_FPGA.Native/O  {0.000 33.333}     66.666          15.000          
design_3_i/mdm_1/U0/Use_E2.BSCAN_I/Use_E2.BSCANE2_I/UPDATE                                         {0.000 16.666}     33.333          30.000          


------------------------------------------------------------------------------------------------
| Intra Clock Table
| -----------------
------------------------------------------------------------------------------------------------

Clock                                                                                                  WNS(ns)      TNS(ns)  TNS Failing Endpoints  TNS Total Endpoints      WHS(ns)      THS(ns)  THS Failing Endpoints  THS Total Endpoints     WPWS(ns)     TPWS(ns)  TPWS Failing Endpoints  TPWS Total Endpoints  
-----                                                                                                  -------      -------  ---------------------  -------------------      -------      -------  ---------------------  -------------------     --------     --------  ----------------------  --------------------  
clk_fpga_0                                                                                               0.171        0.000                      0                56428        0.028        0.000                      0                56428        3.750        0.000                       0                 18234  
design_3_i/mdm_1/U0/Use_E2.BSCAN_I/Use_E2.BSCANE2_I/TCK                                                  9.186        0.000                      0                  436        0.060        0.000                      0                  436       15.686        0.000                       0                   287  
  design_3_i/mdm_1/U0/MDM_Core_I1/JTAG_CONTROL_I/Test_Access_Port.BUFG_UPDATE/Using_FPGA.Native/O       57.688        0.000                      0                   88        0.263        0.000                      0                   88       32.833        0.000                       0                    99  


------------------------------------------------------------------------------------------------
| Inter Clock Table
| -----------------
------------------------------------------------------------------------------------------------

From Clock    To Clock          WNS(ns)      TNS(ns)  TNS Failing Endpoints  TNS Total Endpoints      WHS(ns)      THS(ns)  THS Failing Endpoints  THS Total Endpoints  
----------    --------          -------      -------  ---------------------  -------------------      -------      -------  ---------------------  -------------------  


------------------------------------------------------------------------------------------------
| Other Path Groups Table
| -----------------------
------------------------------------------------------------------------------------------------

Path Group         From Clock         To Clock               WNS(ns)      TNS(ns)  TNS Failing Endpoints  TNS Total Endpoints      WHS(ns)      THS(ns)  THS Failing Endpoints  THS Total Endpoints  
----------         ----------         --------               -------      -------  ---------------------  -------------------      -------      -------  ---------------------  -------------------  
**async_default**  clk_fpga_0         clk_fpga_0               3.164        0.000                      0                 1552        0.710        0.000                      0                 1552  


------------------------------------------------------------------------------------------------
| Timing Details
| --------------
------------------------------------------------------------------------------------------------


---------------------------------------------------------------------------------------------------
From Clock:  clk_fpga_0
  To Clock:  clk_fpga_0

Setup :            0  Failing Endpoints,  Worst Slack        0.171ns,  Total Violation        0.000ns
Hold  :            0  Failing Endpoints,  Worst Slack        0.028ns,  Total Violation        0.000ns
PW    :            0  Failing Endpoints,  Worst Slack        3.750ns,  Total Violation        0.000ns
---------------------------------------------------------------------------------------------------


Max Delay Paths
--------------------------------------------------------------------------------------
Slack (MET) :             0.171ns  (required time - arrival time)
  Source:                 design_3_i/AES_AXI_Core_0/inst/aes_design/key_exp_inst/cnt_reg[0]/C
                            (rising edge-triggered cell FDCE clocked by clk_fpga_0  {rise@0.000ns fall@5.000ns period=10.000ns})
  Destination:            design_3_i/AES_AXI_Core_0/inst/aes_design/key_exp_inst/w_reg[2][13]/D
                            (rising edge-triggered cell FDCE clocked by clk_fpga_0  {rise@0.000ns fall@5.000ns period=10.000ns})
  Path Group:             clk_fpga_0
  Path Type:              Setup (Max at Slow Process Corner)
  Requirement:            10.000ns  (clk_fpga_0 rise@10.000ns - clk_fpga_0 rise@0.000ns)
  Data Path Delay:        9.245ns  (logic 2.230ns (24.122%)  route 7.015ns (75.878%))
  Logic Levels:           7  (LUT2=1 LUT3=1 LUT6=3 MUXF7=2)
  Clock Path Skew:        -0.134ns (DCD - SCD + CPR)
    Destination Clock Delay (DCD):    2.680ns = ( 12.680 - 10.000 ) 
    Source Clock Delay      (SCD):    3.044ns
    Clock Pessimism Removal (CPR):    0.230ns
  Clock Uncertainty:      0.154ns  ((TSJ^2 + TIJ^2)^1/2 + DJ) / 2 + PE
    Total System Jitter     (TSJ):    0.071ns
    Total Input Jitter      (TIJ):    0.300ns
    Discrete Jitter          (DJ):    0.000ns
    Phase Error              (PE):    0.000ns

    Location             Delay type                Incr(ns)  Path(ns)    Netlist Resource(s)
  -------------------------------------------------------------------    -------------------
                         (clock clk_fpga_0 rise edge)
                                                      0.000     0.000 r  
    PS7_X0Y0             PS7                          0.000     0.000 r  design_3_i/processing_system7_0/inst/PS7_i/FCLKCLK[0]
                         net (fo=1, routed)           1.207     1.207    design_3_i/processing_system7_0/inst/FCLK_CLK_unbuffered[0]
    BUFGCTRL_X0Y15       BUFG (Prop_bufg_I_O)         0.101     1.308 r  design_3_i/processing_system7_0/inst/buffer_fclk_clk_0.FCLK_CLK_0_BUFG/O
                         net (fo=18235, routed)       1.736     3.044    design_3_i/AES_AXI_Core_0/inst/aes_design/key_exp_inst/s00_axis_aclk
    SLICE_X39Y85         FDCE                                         r  design_3_i/AES_AXI_Core_0/inst/aes_design/key_exp_inst/cnt_reg[0]/C
  -------------------------------------------------------------------    -------------------
    SLICE_X39Y85         FDCE (Prop_fdce_C_Q)         0.419     3.463 r  design_3_i/AES_AXI_Core_0/inst/aes_design/key_exp_inst/cnt_reg[0]/Q
                         net (fo=286, routed)         1.004     4.467    design_3_i/AES_AXI_Core_0/inst/aes_design/key_exp_inst/Q[0]
    SLICE_X41Y85         LUT3 (Prop_lut3_I2_O)        0.322     4.789 r  design_3_i/AES_AXI_Core_0/inst/aes_design/key_exp_inst/g0_b0_i_20/O
                         net (fo=128, routed)         1.068     5.857    design_3_i/AES_AXI_Core_0/inst/aes_design/key_exp_inst/g0_b0_i_20_n_0
    SLICE_X28Y81         LUT6 (Prop_lut6_I4_O)        0.326     6.183 r  design_3_i/AES_AXI_Core_0/inst/aes_design/key_exp_inst/g0_b0_i_7__2/O
                         net (fo=1, routed)           0.000     6.183    design_3_i/AES_AXI_Core_0/inst/aes_design/key_exp_inst/g0_b0_i_7__2_n_0
    SLICE_X28Y81         MUXF7 (Prop_muxf7_I0_O)      0.241     6.424 r  design_3_i/AES_AXI_Core_0/inst/aes_design/key_exp_inst/g0_b0_i_1__2/O
                         net (fo=34, routed)          2.048     8.473    design_3_i/AES_AXI_Core_0/inst/aes_design/key_exp_inst/rotOut[8]
    SLICE_X4Y76          LUT6 (Prop_lut6_I0_O)        0.298     8.771 r  design_3_i/AES_AXI_Core_0/inst/aes_design/key_exp_inst/g0_b5__0/O
                         net (fo=1, routed)           0.000     8.771    design_3_i/AES_AXI_Core_0/inst/aes_design/key_exp_inst/subU/s2/w_reg[10][109]
    SLICE_X4Y76          MUXF7 (Prop_muxf7_I0_O)      0.209     8.980 r  design_3_i/AES_AXI_Core_0/inst/aes_design/key_exp_inst/subU/s2/w_reg[1][109]_i_2/O
                         net (fo=3, routed)           0.438     9.418    design_3_i/AES_AXI_Core_0/inst/aes_design/key_exp_inst/subU_n_26
    SLICE_X5Y77          LUT6 (Prop_lut6_I1_O)        0.297     9.715 r  design_3_i/AES_AXI_Core_0/inst/aes_design/key_exp_inst/w[1][45]_i_1/O
                         net (fo=13, routed)          1.605    11.320    design_3_i/AES_AXI_Core_0/inst/aes_design/key_exp_inst/p_0_in[45]
    SLICE_X22Y88         LUT2 (Prop_lut2_I0_O)        0.118    11.438 r  design_3_i/AES_AXI_Core_0/inst/aes_design/key_exp_inst/w[1][13]_i_1/O
                         net (fo=10, routed)          0.851    12.289    design_3_i/AES_AXI_Core_0/inst/aes_design/key_exp_inst/p_0_in[13]
    SLICE_X27Y92         FDCE                                         r  design_3_i/AES_AXI_Core_0/inst/aes_design/key_exp_inst/w_reg[2][13]/D
  -------------------------------------------------------------------    -------------------

                         (clock clk_fpga_0 rise edge)
                                                     10.000    10.000 r  
    PS7_X0Y0             PS7                          0.000    10.000 r  design_3_i/processing_system7_0/inst/PS7_i/FCLKCLK[0]
                         net (fo=1, routed)           1.101    11.101    design_3_i/processing_system7_0/inst/FCLK_CLK_unbuffered[0]
    BUFGCTRL_X0Y15       BUFG (Prop_bufg_I_O)         0.091    11.192 r  design_3_i/processing_system7_0/inst/buffer_fclk_clk_0.FCLK_CLK_0_BUFG/O
                         net (fo=18235, routed)       1.488    12.680    design_3_i/AES_AXI_Core_0/inst/aes_design/key_exp_inst/s00_axis_aclk
    SLICE_X27Y92         FDCE                                         r  design_3_i/AES_AXI_Core_0/inst/aes_design/key_exp_inst/w_reg[2][13]/C
                         clock pessimism              0.230    12.910    
                         clock uncertainty           -0.154    12.756    
    SLICE_X27Y92         FDCE (Setup_fdce_C_D)       -0.296    12.460    design_3_i/AES_AXI_Core_0/inst/aes_design/key_exp_inst/w_reg[2][13]
  -------------------------------------------------------------------
                         required time                         12.460    
                         arrival time                         -12.289    
  -------------------------------------------------------------------
                         slack                                  0.171    





Min Delay Paths
--------------------------------------------------------------------------------------
Slack (MET) :             0.028ns  (arrival time - required time)
  Source:                 <hidden>
                            (rising edge-triggered cell FDRE clocked by clk_fpga_0  {rise@0.000ns fall@5.000ns period=10.000ns})
  Destination:            <hidden>
                            (rising edge-triggered cell RAMD32 clocked by clk_fpga_0  {rise@0.000ns fall@5.000ns period=10.000ns})
  Path Group:             clk_fpga_0
  Path Type:              Hold (Min at Fast Process Corner)
  Requirement:            0.000ns  (clk_fpga_0 rise@0.000ns - clk_fpga_0 rise@0.000ns)
  Data Path Delay:        0.362ns  (logic 0.128ns (35.347%)  route 0.234ns (64.653%))
  Logic Levels:           0  
  Clock Path Skew:        0.268ns (DCD - SCD - CPR)
    Destination Clock Delay (DCD):    1.222ns
    Source Clock Delay      (SCD):    0.925ns
    Clock Pessimism Removal (CPR):    0.029ns

    Location             Delay type                Incr(ns)  Path(ns)    Netlist Resource(s)
  -------------------------------------------------------------------    -------------------
                         (clock clk_fpga_0 rise edge)
                                                      0.000     0.000 r  
    PS7_X0Y0             PS7                          0.000     0.000 r  design_3_i/processing_system7_0/inst/PS7_i/FCLKCLK[0]
                         net (fo=1, routed)           0.315     0.315    design_3_i/processing_system7_0/inst/FCLK_CLK_unbuffered[0]
    BUFGCTRL_X0Y15       BUFG (Prop_bufg_I_O)         0.026     0.341 r  design_3_i/processing_system7_0/inst/buffer_fclk_clk_0.FCLK_CLK_0_BUFG/O
                         net (fo=18235, routed)       0.584     0.925    <hidden>
    SLICE_X3Y51          FDRE                                         r  <hidden>
  -------------------------------------------------------------------    -------------------
    SLICE_X3Y51          FDRE (Prop_fdre_C_Q)         0.128     1.053 r  <hidden>
                         net (fo=1, routed)           0.234     1.287    <hidden>
    SLICE_X0Y49          RAMD32                                       r  <hidden>
  -------------------------------------------------------------------    -------------------

                         (clock clk_fpga_0 rise edge)
                                                      0.000     0.000 r  
    PS7_X0Y0             PS7                          0.000     0.000 r  design_3_i/processing_system7_0/inst/PS7_i/FCLKCLK[0]
                         net (fo=1, routed)           0.341     0.341    design_3_i/processing_system7_0/inst/FCLK_CLK_unbuffered[0]
    BUFGCTRL_X0Y15       BUFG (Prop_bufg_I_O)         0.029     0.370 r  design_3_i/processing_system7_0/inst/buffer_fclk_clk_0.FCLK_CLK_0_BUFG/O
                         net (fo=18235, routed)       0.852     1.222    <hidden>
    SLICE_X0Y49          RAMD32                                       r  <hidden>
                         clock pessimism             -0.029     1.193    
    SLICE_X0Y49          RAMD32 (Hold_ramd32_CLK_I)
                                                      0.066     1.259    <hidden>
  -------------------------------------------------------------------
                         required time                         -1.259    
                         arrival time                           1.287    
  -------------------------------------------------------------------
                         slack                                  0.028    





Pulse Width Checks
--------------------------------------------------------------------------------------
Clock Name:         clk_fpga_0
Waveform(ns):       { 0.000 5.000 }
Period(ns):         10.000
Sources:            { design_3_i/processing_system7_0/inst/PS7_i/FCLKCLK[0] }

Check Type        Corner  Lib Pin             Reference Pin  Required(ns)  Actual(ns)  Slack(ns)  Location     Pin
Min Period        n/a     RAMB36E1/CLKARDCLK  n/a            2.576         10.000      7.424      RAMB36_X1Y6  design_3_i/axi_dma_0/U0/I_PRMRY_DATAMOVER/GEN_MM2S_FULL.I_MM2S_FULL_WRAPPER/GEN_INCLUDE_MM2S_SF.I_RD_SF/I_DATA_FIFO/BLK_MEM.I_SYNC_FIFOGEN_FIFO/xpm_fifo_base_inst/gen_sdpram.xpm_memory_base_inst/gen_wr_a.gen_word_narrow.mem_reg/CLKARDCLK
Low Pulse Width   Slow    RAMD32/CLK          n/a            1.250         5.000       3.750      SLICE_X34Y6  design_3_i/axi_dma_0/U0/I_PRMRY_DATAMOVER/GEN_S2MM_FULL.I_S2MM_FULL_WRAPPER/GEN_ENABLE_INDET_BTT_SF.I_INDET_BTT/I_XD_FIFO/NON_BLK_MEM.I_SYNC_FIFOGEN_FIFO/xpm_fifo_base_inst/gen_sdpram.xpm_memory_base_inst/gen_wr_a.gen_word_narrow.mem_reg_0_15_0_5/RAMA/CLK
High Pulse Width  Slow    RAMD32/CLK          n/a            1.250         5.000       3.750      SLICE_X34Y6  design_3_i/axi_dma_0/U0/I_PRMRY_DATAMOVER/GEN_S2MM_FULL.I_S2MM_FULL_WRAPPER/GEN_ENABLE_INDET_BTT_SF.I_INDET_BTT/I_XD_FIFO/NON_BLK_MEM.I_SYNC_FIFOGEN_FIFO/xpm_fifo_base_inst/gen_sdpram.xpm_memory_base_inst/gen_wr_a.gen_word_narrow.mem_reg_0_15_0_5/RAMA/CLK



---------------------------------------------------------------------------------------------------
From Clock:  design_3_i/mdm_1/U0/Use_E2.BSCAN_I/Use_E2.BSCANE2_I/TCK
  To Clock:  design_3_i/mdm_1/U0/Use_E2.BSCAN_I/Use_E2.BSCANE2_I/TCK

Setup :            0  Failing Endpoints,  Worst Slack        9.186ns,  Total Violation        0.000ns
Hold  :            0  Failing Endpoints,  Worst Slack        0.060ns,  Total Violation        0.000ns
PW    :            0  Failing Endpoints,  Worst Slack       15.686ns,  Total Violation        0.000ns
---------------------------------------------------------------------------------------------------


Max Delay Paths
--------------------------------------------------------------------------------------
Slack (MET) :             9.186ns  (required time - arrival time)
  Source:                 design_3_i/mdm_1/U0/MDM_Core_I1/JTAG_CONTROL_I/Test_Access_Port.shift_dtm_reg/C
                            (falling edge-triggered cell FDRE clocked by design_3_i/mdm_1/U0/Use_E2.BSCAN_I/Use_E2.BSCANE2_I/TCK  {rise@0.000ns fall@16.667ns period=33.333ns})
  Destination:            design_3_i/mdm_1/U0/MDM_Core_I1/JTAG_CONTROL_I/dmistat_reg[1]/D
                            (rising edge-triggered cell FDRE clocked by design_3_i/mdm_1/U0/Use_E2.BSCAN_I/Use_E2.BSCANE2_I/TCK  {rise@0.000ns fall@16.667ns period=33.333ns})
  Path Group:             design_3_i/mdm_1/U0/Use_E2.BSCAN_I/Use_E2.BSCANE2_I/TCK
  Path Type:              Setup (Max at Slow Process Corner)
  Requirement:            16.667ns  (design_3_i/mdm_1/U0/Use_E2.BSCAN_I/Use_E2.BSCANE2_I/TCK rise@33.333ns - design_3_i/mdm_1/U0/Use_E2.BSCAN_I/Use_E2.BSCANE2_I/TCK fall@16.667ns)
  Data Path Delay:        7.576ns  (logic 1.451ns (19.153%)  route 6.125ns (80.847%))
  Logic Levels:           8  (LUT4=2 LUT5=3 LUT6=3)
  Clock Path Skew:        0.052ns (DCD - SCD + CPR)
    Destination Clock Delay (DCD):    3.252ns = ( 36.585 - 33.333 ) 
    Source Clock Delay      (SCD):    3.453ns = ( 20.119 - 16.667 ) 
    Clock Pessimism Removal (CPR):    0.252ns
  Clock Uncertainty:      0.035ns  ((TSJ^2 + TIJ^2)^1/2 + DJ) / 2 + PE
    Total System Jitter     (TSJ):    0.071ns
    Total Input Jitter      (TIJ):    0.000ns
    Discrete Jitter          (DJ):    0.000ns
    Phase Error              (PE):    0.000ns

    Location             Delay type                Incr(ns)  Path(ns)    Netlist Resource(s)
  -------------------------------------------------------------------    -------------------
                         (clock design_3_i/mdm_1/U0/Use_E2.BSCAN_I/Use_E2.BSCANE2_I/TCK fall edge)
                                                     16.667    16.667 f  
    BSCAN_X0Y1           BSCANE2                      0.000    16.667 f  design_3_i/mdm_1/U0/Use_E2.BSCAN_I/Use_E2.BSCANE2_I/TCK
                         net (fo=2, routed)           1.693    18.359    design_3_i/mdm_1/U0/Use_JTAG_BSCAN.BUFG_JTAG_TCK/lopt
    BUFGCTRL_X0Y19       BUFGCTRL (Prop_bufgctrl_I0_O)
                                                      0.101    18.460 f  design_3_i/mdm_1/U0/Use_JTAG_BSCAN.BUFG_JTAG_TCK/Using_FPGA.Native/O
                         net (fo=32, routed)          1.659    20.119    design_3_i/mdm_1/U0/MDM_Core_I1/JTAG_CONTROL_I/Use_JTAG_BSCAN.tck_int
    SLICE_X26Y94         FDRE                                         r  design_3_i/mdm_1/U0/MDM_Core_I1/JTAG_CONTROL_I/Test_Access_Port.shift_dtm_reg/C  (IS_INVERTED)
  -------------------------------------------------------------------    -------------------
    SLICE_X26Y94         FDRE (Prop_fdre_C_Q)         0.459    20.578 r  design_3_i/mdm_1/U0/MDM_Core_I1/JTAG_CONTROL_I/Test_Access_Port.shift_dtm_reg/Q
                         net (fo=17, routed)          1.254    21.832    design_3_i/mdm_1/U0/MDM_Core_I1/JTAG_CONTROL_I/Test_Access_Port.shift_dtm_reg_0
    SLICE_X24Y96         LUT4 (Prop_lut4_I1_O)        0.124    21.956 f  design_3_i/mdm_1/U0/MDM_Core_I1/JTAG_CONTROL_I/Dbg_Reg_En_0[3]_INST_0/O
                         net (fo=4, routed)           0.927    22.883    <hidden>
    SLICE_X24Y96         LUT4 (Prop_lut4_I0_O)        0.124    23.007 f  <hidden>
                         net (fo=1, routed)           0.282    23.289    <hidden>
    SLICE_X24Y96         LUT5 (Prop_lut5_I0_O)        0.124    23.413 f  <hidden>
                         net (fo=2, routed)           0.868    24.282    <hidden>
    SLICE_X23Y92         LUT6 (Prop_lut6_I1_O)        0.124    24.406 r  <hidden>
                         net (fo=1, routed)           0.955    25.360    <hidden>
    SLICE_X23Y95         LUT6 (Prop_lut6_I3_O)        0.124    25.484 r  <hidden>
                         net (fo=2, routed)           0.957    26.441    design_3_i/mdm_1/U0/MDM_Core_I1/JTAG_CONTROL_I/Dbg_TDO_0
    SLICE_X29Y97         LUT5 (Prop_lut5_I4_O)        0.124    26.565 r  design_3_i/mdm_1/U0/MDM_Core_I1/JTAG_CONTROL_I/TDO_i_3/O
                         net (fo=2, routed)           0.275    26.840    design_3_i/mdm_1/U0/MDM_Core_I1/JTAG_CONTROL_I/TDO_i_3_n_0
    SLICE_X29Y97         LUT6 (Prop_lut6_I0_O)        0.124    26.964 r  design_3_i/mdm_1/U0/MDM_Core_I1/JTAG_CONTROL_I/dmistat[1]_i_2/O
                         net (fo=1, routed)           0.607    27.571    design_3_i/mdm_1/U0/MDM_Core_I1/JTAG_CONTROL_I/dmistat[1]_i_2_n_0
    SLICE_X28Y98         LUT5 (Prop_lut5_I0_O)        0.124    27.695 r  design_3_i/mdm_1/U0/MDM_Core_I1/JTAG_CONTROL_I/dmistat[1]_i_1/O
                         net (fo=1, routed)           0.000    27.695    design_3_i/mdm_1/U0/MDM_Core_I1/JTAG_CONTROL_I/dmistat[1]_i_1_n_0
    SLICE_X28Y98         FDRE                                         r  design_3_i/mdm_1/U0/MDM_Core_I1/JTAG_CONTROL_I/dmistat_reg[1]/D
  -------------------------------------------------------------------    -------------------

                         (clock design_3_i/mdm_1/U0/Use_E2.BSCAN_I/Use_E2.BSCANE2_I/TCK rise edge)
                                                     33.333    33.333 r  
    BSCAN_X0Y1           BSCANE2                      0.000    33.333 r  design_3_i/mdm_1/U0/Use_E2.BSCAN_I/Use_E2.BSCANE2_I/TCK
                         net (fo=2, routed)           1.451    34.784    design_3_i/mdm_1/U0/Use_JTAG_BSCAN.BUFG_JTAG_TCK/lopt
    BUFGCTRL_X0Y19       BUFGCTRL (Prop_bufgctrl_I0_O)
                                                      0.091    34.875 r  design_3_i/mdm_1/U0/Use_JTAG_BSCAN.BUFG_JTAG_TCK/Using_FPGA.Native/O
                         net (fo=32, routed)          0.133    35.008    design_3_i/mdm_1/U0/MDM_Core_I1/JTAG_CONTROL_I/Test_Access_Port.BUFG_DRCK/Use_JTAG_BSCAN.tck_int
    BUFGCTRL_X0Y20       BUFGCTRL (Prop_bufgctrl_I0_O)
                                                      0.091    35.099 r  design_3_i/mdm_1/U0/MDM_Core_I1/JTAG_CONTROL_I/Test_Access_Port.BUFG_DRCK/Using_FPGA.Native/O
                         net (fo=202, routed)         1.487    36.585    design_3_i/mdm_1/U0/MDM_Core_I1/JTAG_CONTROL_I/Using_FPGA.Native
    SLICE_X28Y98         FDRE                                         r  design_3_i/mdm_1/U0/MDM_Core_I1/JTAG_CONTROL_I/dmistat_reg[1]/C
                         clock pessimism              0.252    36.837    
                         clock uncertainty           -0.035    36.802    
    SLICE_X28Y98         FDRE (Setup_fdre_C_D)        0.079    36.881    design_3_i/mdm_1/U0/MDM_Core_I1/JTAG_CONTROL_I/dmistat_reg[1]
  -------------------------------------------------------------------
                         required time                         36.881    
                         arrival time                         -27.695    
  -------------------------------------------------------------------
                         slack                                  9.186    





Min Delay Paths
--------------------------------------------------------------------------------------
Slack (MET) :             0.060ns  (arrival time - required time)
  Source:                 <hidden>
                            (rising edge-triggered cell FDRE clocked by design_3_i/mdm_1/U0/Use_E2.BSCAN_I/Use_E2.BSCANE2_I/TCK  {rise@0.000ns fall@16.667ns period=33.333ns})
  Destination:            <hidden>
                            (rising edge-triggered cell FDRE clocked by design_3_i/mdm_1/U0/Use_E2.BSCAN_I/Use_E2.BSCANE2_I/TCK  {rise@0.000ns fall@16.667ns period=33.333ns})
  Path Group:             design_3_i/mdm_1/U0/Use_E2.BSCAN_I/Use_E2.BSCANE2_I/TCK
  Path Type:              Hold (Min at Fast Process Corner)
  Requirement:            0.000ns  (design_3_i/mdm_1/U0/Use_E2.BSCAN_I/Use_E2.BSCANE2_I/TCK rise@0.000ns - design_3_i/mdm_1/U0/Use_E2.BSCAN_I/Use_E2.BSCANE2_I/TCK rise@0.000ns)
  Data Path Delay:        0.390ns  (logic 0.141ns (36.148%)  route 0.249ns (63.852%))
  Logic Levels:           0  
  Clock Path Skew:        0.260ns (DCD - SCD - CPR)
    Destination Clock Delay (DCD):    1.688ns
    Source Clock Delay      (SCD):    1.311ns
    Clock Pessimism Removal (CPR):    0.116ns

    Location             Delay type                Incr(ns)  Path(ns)    Netlist Resource(s)
  -------------------------------------------------------------------    -------------------
                         (clock design_3_i/mdm_1/U0/Use_E2.BSCAN_I/Use_E2.BSCANE2_I/TCK rise edge)
                                                      0.000     0.000 r  
    BSCAN_X0Y1           BSCANE2                      0.000     0.000 r  design_3_i/mdm_1/U0/Use_E2.BSCAN_I/Use_E2.BSCANE2_I/TCK
                         net (fo=2, routed)           0.672     0.672    design_3_i/mdm_1/U0/Use_JTAG_BSCAN.BUFG_JTAG_TCK/lopt
    BUFGCTRL_X0Y19       BUFGCTRL (Prop_bufgctrl_I0_O)
                                                      0.026     0.698 r  design_3_i/mdm_1/U0/Use_JTAG_BSCAN.BUFG_JTAG_TCK/Using_FPGA.Native/O
                         net (fo=32, routed)          0.030     0.728    design_3_i/mdm_1/U0/MDM_Core_I1/JTAG_CONTROL_I/Test_Access_Port.BUFG_DRCK/Use_JTAG_BSCAN.tck_int
    BUFGCTRL_X0Y20       BUFGCTRL (Prop_bufgctrl_I0_O)
                                                      0.026     0.754 r  design_3_i/mdm_1/U0/MDM_Core_I1/JTAG_CONTROL_I/Test_Access_Port.BUFG_DRCK/Using_FPGA.Native/O
                         net (fo=202, routed)         0.558     1.311    <hidden>
    SLICE_X19Y91         FDRE                                         r  <hidden>
  -------------------------------------------------------------------    -------------------
    SLICE_X19Y91         FDRE (Prop_fdre_C_Q)         0.141     1.452 r  <hidden>
                         net (fo=5, routed)           0.249     1.702    <hidden>
    SLICE_X23Y89         FDRE                                         r  <hidden>
  -------------------------------------------------------------------    -------------------

                         (clock design_3_i/mdm_1/U0/Use_E2.BSCAN_I/Use_E2.BSCANE2_I/TCK rise edge)
                                                      0.000     0.000 r  
    BSCAN_X0Y1           BSCANE2                      0.000     0.000 r  design_3_i/mdm_1/U0/Use_E2.BSCAN_I/Use_E2.BSCANE2_I/TCK
                         net (fo=2, routed)           0.774     0.774    design_3_i/mdm_1/U0/Use_JTAG_BSCAN.BUFG_JTAG_TCK/lopt
    BUFGCTRL_X0Y19       BUFGCTRL (Prop_bufgctrl_I0_O)
                                                      0.029     0.803 r  design_3_i/mdm_1/U0/Use_JTAG_BSCAN.BUFG_JTAG_TCK/Using_FPGA.Native/O
                         net (fo=32, routed)          0.033     0.836    design_3_i/mdm_1/U0/MDM_Core_I1/JTAG_CONTROL_I/Test_Access_Port.BUFG_DRCK/Use_JTAG_BSCAN.tck_int
    BUFGCTRL_X0Y20       BUFGCTRL (Prop_bufgctrl_I0_O)
                                                      0.029     0.865 r  design_3_i/mdm_1/U0/MDM_Core_I1/JTAG_CONTROL_I/Test_Access_Port.BUFG_DRCK/Using_FPGA.Native/O
                         net (fo=202, routed)         0.823     1.688    <hidden>
    SLICE_X23Y89         FDRE                                         r  <hidden>
                         clock pessimism             -0.116     1.572    
    SLICE_X23Y89         FDRE (Hold_fdre_C_D)         0.070     1.642    <hidden>
  -------------------------------------------------------------------
                         required time                         -1.642    
                         arrival time                           1.702    
  -------------------------------------------------------------------
                         slack                                  0.060    





Pulse Width Checks
--------------------------------------------------------------------------------------
Clock Name:         design_3_i/mdm_1/U0/Use_E2.BSCAN_I/Use_E2.BSCANE2_I/TCK
Waveform(ns):       { 0.000 16.667 }
Period(ns):         33.333
Sources:            { design_3_i/mdm_1/U0/Use_E2.BSCAN_I/Use_E2.BSCANE2_I/TCK }

Check Type        Corner  Lib Pin      Reference Pin  Required(ns)  Actual(ns)  Slack(ns)  Location        Pin
Min Period        n/a     BUFGCTRL/I0  n/a            2.155         33.333      31.178     BUFGCTRL_X0Y20  design_3_i/mdm_1/U0/MDM_Core_I1/JTAG_CONTROL_I/Test_Access_Port.BUFG_DRCK/Using_FPGA.Native/I0
Low Pulse Width   Slow    SRL16E/CLK   n/a            0.980         16.667      15.687     SLICE_X30Y94    design_3_i/mdm_1/U0/Use_JTAG_BSCAN.bscanid_reg[13]_srl7___Use_JTAG_BSCAN.bscanid_reg_r_5/CLK
High Pulse Width  Slow    SRL16E/CLK   n/a            0.980         16.666      15.686     SLICE_X30Y94    design_3_i/mdm_1/U0/Use_JTAG_BSCAN.bscanid_reg[13]_srl7___Use_JTAG_BSCAN.bscanid_reg_r_5/CLK



---------------------------------------------------------------------------------------------------
From Clock:  design_3_i/mdm_1/U0/MDM_Core_I1/JTAG_CONTROL_I/Test_Access_Port.BUFG_UPDATE/Using_FPGA.Native/O
  To Clock:  design_3_i/mdm_1/U0/MDM_Core_I1/JTAG_CONTROL_I/Test_Access_Port.BUFG_UPDATE/Using_FPGA.Native/O

Setup :            0  Failing Endpoints,  Worst Slack       57.688ns,  Total Violation        0.000ns
Hold  :            0  Failing Endpoints,  Worst Slack        0.263ns,  Total Violation        0.000ns
PW    :            0  Failing Endpoints,  Worst Slack       32.833ns,  Total Violation        0.000ns
---------------------------------------------------------------------------------------------------


Max Delay Paths
--------------------------------------------------------------------------------------
Slack (MET) :             57.688ns  (required time - arrival time)
  Source:                 design_3_i/mdm_1/U0/MDM_Core_I1/JTAG_CONTROL_I/command_reg[5]/C
                            (rising edge-triggered cell FDRE clocked by design_3_i/mdm_1/U0/MDM_Core_I1/JTAG_CONTROL_I/Test_Access_Port.BUFG_UPDATE/Using_FPGA.Native/O  {rise@0.000ns fall@33.333ns period=66.666ns})
  Destination:            <hidden>
                            (rising edge-triggered cell FDRE clocked by design_3_i/mdm_1/U0/MDM_Core_I1/JTAG_CONTROL_I/Test_Access_Port.BUFG_UPDATE/Using_FPGA.Native/O  {rise@0.000ns fall@33.333ns period=66.666ns})
  Path Group:             design_3_i/mdm_1/U0/MDM_Core_I1/JTAG_CONTROL_I/Test_Access_Port.BUFG_UPDATE/Using_FPGA.Native/O
  Path Type:              Setup (Max at Slow Process Corner)
  Requirement:            66.666ns  (design_3_i/mdm_1/U0/MDM_Core_I1/JTAG_CONTROL_I/Test_Access_Port.BUFG_UPDATE/Using_FPGA.Native/O rise@66.666ns - design_3_i/mdm_1/U0/MDM_Core_I1/JTAG_CONTROL_I/Test_Access_Port.BUFG_UPDATE/Using_FPGA.Native/O rise@0.000ns)
  Data Path Delay:        8.575ns  (logic 1.394ns (16.257%)  route 7.181ns (83.743%))
  Logic Levels:           6  (LUT4=2 LUT6=4)
  Clock Path Skew:        -0.162ns (DCD - SCD + CPR)
    Destination Clock Delay (DCD):    7.000ns = ( 73.666 - 66.666 ) 
    Source Clock Delay      (SCD):    8.029ns
    Clock Pessimism Removal (CPR):    0.866ns
  Clock Uncertainty:      0.035ns  ((TSJ^2 + TIJ^2)^1/2 + DJ) / 2 + PE
    Total System Jitter     (TSJ):    0.071ns
    Total Input Jitter      (TIJ):    0.000ns
    Discrete Jitter          (DJ):    0.000ns
    Phase Error              (PE):    0.000ns

    Location             Delay type                Incr(ns)  Path(ns)    Netlist Resource(s)
  -------------------------------------------------------------------    -------------------
                         (clock design_3_i/mdm_1/U0/MDM_Core_I1/JTAG_CONTROL_I/Test_Access_Port.BUFG_UPDATE/Using_FPGA.Native/O rise edge)
                                                      0.000     0.000 r  
    BSCAN_X0Y1           BSCANE2                      0.000     0.000 f  design_3_i/mdm_1/U0/Use_E2.BSCAN_I/Use_E2.BSCANE2_I/TCK
                         net (fo=2, routed)           1.693     1.693    design_3_i/mdm_1/U0/Use_JTAG_BSCAN.BUFG_JTAG_TCK/lopt
    BUFGCTRL_X0Y19       BUFGCTRL (Prop_bufgctrl_I0_O)
                                                      0.101     1.794 f  design_3_i/mdm_1/U0/Use_JTAG_BSCAN.BUFG_JTAG_TCK/Using_FPGA.Native/O
                         net (fo=32, routed)          1.659     3.453    design_3_i/mdm_1/U0/MDM_Core_I1/JTAG_CONTROL_I/Use_JTAG_BSCAN.tck_int
    SLICE_X26Y94         FDRE (Prop_fdre_C_Q)         0.459     3.912 r  design_3_i/mdm_1/U0/MDM_Core_I1/JTAG_CONTROL_I/Test_Access_Port.update_unbuf_reg/Q
                         net (fo=1, routed)           2.360     6.272    design_3_i/mdm_1/U0/MDM_Core_I1/JTAG_CONTROL_I/Test_Access_Port.BUFG_UPDATE/Test_Access_Port.update_unbuf
    BUFGCTRL_X0Y17       BUFG (Prop_bufg_I_O)         0.101     6.373 r  design_3_i/mdm_1/U0/MDM_Core_I1/JTAG_CONTROL_I/Test_Access_Port.BUFG_UPDATE/Using_FPGA.Native/O
                         net (fo=99, routed)          1.656     8.029    design_3_i/mdm_1/U0/MDM_Core_I1/JTAG_CONTROL_I/Using_FPGA.Native_0
    SLICE_X24Y97         FDRE                                         r  design_3_i/mdm_1/U0/MDM_Core_I1/JTAG_CONTROL_I/command_reg[5]/C
  -------------------------------------------------------------------    -------------------
    SLICE_X24Y97         FDRE (Prop_fdre_C_Q)         0.478     8.507 f  design_3_i/mdm_1/U0/MDM_Core_I1/JTAG_CONTROL_I/command_reg[5]/Q
                         net (fo=6, routed)           0.861     9.368    design_3_i/mdm_1/U0/MDM_Core_I1/JTAG_CONTROL_I/command[5]
    SLICE_X24Y97         LUT4 (Prop_lut4_I0_O)        0.296     9.664 f  design_3_i/mdm_1/U0/MDM_Core_I1/JTAG_CONTROL_I/Dbg_Reg_En_0[2]_INST_0/O
                         net (fo=4, routed)           0.871    10.535    <hidden>
    SLICE_X24Y96         LUT6 (Prop_lut6_I1_O)        0.124    10.659 r  <hidden>
                         net (fo=4, routed)           0.310    10.969    <hidden>
    SLICE_X23Y95         LUT6 (Prop_lut6_I2_O)        0.124    11.093 r  <hidden>
                         net (fo=6, routed)           1.137    12.229    <hidden>
    SLICE_X22Y91         LUT6 (Prop_lut6_I5_O)        0.124    12.353 f  <hidden>
                         net (fo=5, routed)           1.128    13.481    <hidden>
    SLICE_X23Y94         LUT4 (Prop_lut4_I3_O)        0.124    13.605 f  <hidden>
                         net (fo=1, routed)           0.430    14.035    <hidden>
    SLICE_X24Y94         LUT6 (Prop_lut6_I5_O)        0.124    14.159 r  <hidden>
                         net (fo=32, routed)          2.445    16.604    <hidden>
    SLICE_X19Y83         FDRE                                         r  <hidden>
  -------------------------------------------------------------------    -------------------

                         (clock design_3_i/mdm_1/U0/MDM_Core_I1/JTAG_CONTROL_I/Test_Access_Port.BUFG_UPDATE/Using_FPGA.Native/O rise edge)
                                                     66.666    66.666 f  
    BSCAN_X0Y1           BSCANE2                      0.000    66.666 f  design_3_i/mdm_1/U0/Use_E2.BSCAN_I/Use_E2.BSCANE2_I/TCK
                         net (fo=2, routed)           1.451    68.117    design_3_i/mdm_1/U0/Use_JTAG_BSCAN.BUFG_JTAG_TCK/lopt
    BUFGCTRL_X0Y19       BUFGCTRL (Prop_bufgctrl_I0_O)
                                                      0.091    68.208 f  design_3_i/mdm_1/U0/Use_JTAG_BSCAN.BUFG_JTAG_TCK/Using_FPGA.Native/O
                         net (fo=32, routed)          1.486    69.693    design_3_i/mdm_1/U0/MDM_Core_I1/JTAG_CONTROL_I/Use_JTAG_BSCAN.tck_int
    SLICE_X26Y94         FDRE (Prop_fdre_C_Q)         0.370    70.063 r  design_3_i/mdm_1/U0/MDM_Core_I1/JTAG_CONTROL_I/Test_Access_Port.update_unbuf_reg/Q
                         net (fo=1, routed)           2.032    72.095    design_3_i/mdm_1/U0/MDM_Core_I1/JTAG_CONTROL_I/Test_Access_Port.BUFG_UPDATE/Test_Access_Port.update_unbuf
    BUFGCTRL_X0Y17       BUFG (Prop_bufg_I_O)         0.091    72.186 r  design_3_i/mdm_1/U0/MDM_Core_I1/JTAG_CONTROL_I/Test_Access_Port.BUFG_UPDATE/Using_FPGA.Native/O
                         net (fo=99, routed)          1.480    73.666    <hidden>
    SLICE_X19Y83         FDRE                                         r  <hidden>
                         clock pessimism              0.866    74.532    
                         clock uncertainty           -0.035    74.497    
    SLICE_X19Y83         FDRE (Setup_fdre_C_CE)      -0.205    74.292    <hidden>
  -------------------------------------------------------------------
                         required time                         74.292    
                         arrival time                         -16.604    
  -------------------------------------------------------------------
                         slack                                 57.688    





Min Delay Paths
--------------------------------------------------------------------------------------
Slack (MET) :             0.263ns  (arrival time - required time)
  Source:                 <hidden>
                            (rising edge-triggered cell FDCE clocked by design_3_i/mdm_1/U0/MDM_Core_I1/JTAG_CONTROL_I/Test_Access_Port.BUFG_UPDATE/Using_FPGA.Native/O  {rise@0.000ns fall@33.333ns period=66.666ns})
  Destination:            <hidden>
                            (rising edge-triggered cell FDCE clocked by design_3_i/mdm_1/U0/MDM_Core_I1/JTAG_CONTROL_I/Test_Access_Port.BUFG_UPDATE/Using_FPGA.Native/O  {rise@0.000ns fall@33.333ns period=66.666ns})
  Path Group:             design_3_i/mdm_1/U0/MDM_Core_I1/JTAG_CONTROL_I/Test_Access_Port.BUFG_UPDATE/Using_FPGA.Native/O
  Path Type:              Hold (Min at Fast Process Corner)
  Requirement:            0.000ns  (design_3_i/mdm_1/U0/MDM_Core_I1/JTAG_CONTROL_I/Test_Access_Port.BUFG_UPDATE/Using_FPGA.Native/O rise@0.000ns - design_3_i/mdm_1/U0/MDM_Core_I1/JTAG_CONTROL_I/Test_Access_Port.BUFG_UPDATE/Using_FPGA.Native/O rise@0.000ns)
  Data Path Delay:        0.354ns  (logic 0.186ns (52.507%)  route 0.168ns (47.493%))
  Logic Levels:           1  (LUT6=1)
  Clock Path Skew:        0.000ns (DCD - SCD - CPR)
    Destination Clock Delay (DCD):    3.874ns
    Source Clock Delay      (SCD):    3.045ns
    Clock Pessimism Removal (CPR):    0.829ns

    Location             Delay type                Incr(ns)  Path(ns)    Netlist Resource(s)
  -------------------------------------------------------------------    -------------------
                         (clock design_3_i/mdm_1/U0/MDM_Core_I1/JTAG_CONTROL_I/Test_Access_Port.BUFG_UPDATE/Using_FPGA.Native/O rise edge)
                                                      0.000     0.000 r  
    BSCAN_X0Y1           BSCANE2                      0.000     0.000 f  design_3_i/mdm_1/U0/Use_E2.BSCAN_I/Use_E2.BSCANE2_I/TCK
                         net (fo=2, routed)           0.672     0.672    design_3_i/mdm_1/U0/Use_JTAG_BSCAN.BUFG_JTAG_TCK/lopt
    BUFGCTRL_X0Y19       BUFGCTRL (Prop_bufgctrl_I0_O)
                                                      0.026     0.698 f  design_3_i/mdm_1/U0/Use_JTAG_BSCAN.BUFG_JTAG_TCK/Using_FPGA.Native/O
                         net (fo=32, routed)          0.559     1.256    design_3_i/mdm_1/U0/MDM_Core_I1/JTAG_CONTROL_I/Use_JTAG_BSCAN.tck_int
    SLICE_X26Y94         FDRE (Prop_fdre_C_Q)         0.146     1.402 r  design_3_i/mdm_1/U0/MDM_Core_I1/JTAG_CONTROL_I/Test_Access_Port.update_unbuf_reg/Q
                         net (fo=1, routed)           1.062     2.464    design_3_i/mdm_1/U0/MDM_Core_I1/JTAG_CONTROL_I/Test_Access_Port.BUFG_UPDATE/Test_Access_Port.update_unbuf
    BUFGCTRL_X0Y17       BUFG (Prop_bufg_I_O)         0.026     2.490 r  design_3_i/mdm_1/U0/MDM_Core_I1/JTAG_CONTROL_I/Test_Access_Port.BUFG_UPDATE/Using_FPGA.Native/O
                         net (fo=99, routed)          0.555     3.045    <hidden>
    SLICE_X21Y92         FDCE                                         r  <hidden>
  -------------------------------------------------------------------    -------------------
    SLICE_X21Y92         FDCE (Prop_fdce_C_Q)         0.141     3.186 r  <hidden>
                         net (fo=2, routed)           0.168     3.354    <hidden>
    SLICE_X21Y92         LUT6 (Prop_lut6_I5_O)        0.045     3.399 r  <hidden>
                         net (fo=1, routed)           0.000     3.399    <hidden>
    SLICE_X21Y92         FDCE                                         r  <hidden>
  -------------------------------------------------------------------    -------------------

                         (clock design_3_i/mdm_1/U0/MDM_Core_I1/JTAG_CONTROL_I/Test_Access_Port.BUFG_UPDATE/Using_FPGA.Native/O rise edge)
                                                      0.000     0.000 f  
    BSCAN_X0Y1           BSCANE2                      0.000     0.000 f  design_3_i/mdm_1/U0/Use_E2.BSCAN_I/Use_E2.BSCANE2_I/TCK
                         net (fo=2, routed)           0.774     0.774    design_3_i/mdm_1/U0/Use_JTAG_BSCAN.BUFG_JTAG_TCK/lopt
    BUFGCTRL_X0Y19       BUFGCTRL (Prop_bufgctrl_I0_O)
                                                      0.029     0.803 f  design_3_i/mdm_1/U0/Use_JTAG_BSCAN.BUFG_JTAG_TCK/Using_FPGA.Native/O
                         net (fo=32, routed)          0.828     1.631    design_3_i/mdm_1/U0/MDM_Core_I1/JTAG_CONTROL_I/Use_JTAG_BSCAN.tck_int
    SLICE_X26Y94         FDRE (Prop_fdre_C_Q)         0.182     1.813 r  design_3_i/mdm_1/U0/MDM_Core_I1/JTAG_CONTROL_I/Test_Access_Port.update_unbuf_reg/Q
                         net (fo=1, routed)           1.206     3.019    design_3_i/mdm_1/U0/MDM_Core_I1/JTAG_CONTROL_I/Test_Access_Port.BUFG_UPDATE/Test_Access_Port.update_unbuf
    BUFGCTRL_X0Y17       BUFG (Prop_bufg_I_O)         0.029     3.048 r  design_3_i/mdm_1/U0/MDM_Core_I1/JTAG_CONTROL_I/Test_Access_Port.BUFG_UPDATE/Using_FPGA.Native/O
                         net (fo=99, routed)          0.826     3.874    <hidden>
    SLICE_X21Y92         FDCE                                         r  <hidden>
                         clock pessimism             -0.829     3.045    
    SLICE_X21Y92         FDCE (Hold_fdce_C_D)         0.091     3.136    <hidden>
  -------------------------------------------------------------------
                         required time                         -3.136    
                         arrival time                           3.399    
  -------------------------------------------------------------------
                         slack                                  0.263    





Pulse Width Checks
--------------------------------------------------------------------------------------
Clock Name:         design_3_i/mdm_1/U0/MDM_Core_I1/JTAG_CONTROL_I/Test_Access_Port.BUFG_UPDATE/Using_FPGA.Native/O
Waveform(ns):       { 0.000 33.333 }
Period(ns):         66.666
Sources:            { design_3_i/mdm_1/U0/MDM_Core_I1/JTAG_CONTROL_I/Test_Access_Port.BUFG_UPDATE/Using_FPGA.Native/O }

Check Type        Corner  Lib Pin  Reference Pin  Required(ns)  Actual(ns)  Slack(ns)  Location      Pin
Min Period        n/a     FDRE/C   n/a            1.000         66.666      65.666     SLICE_X24Y97  design_3_i/mdm_1/U0/MDM_Core_I1/JTAG_CONTROL_I/command_reg[0]/C
Low Pulse Width   Slow    FDRE/C   n/a            0.500         33.333      32.833     SLICE_X24Y97  design_3_i/mdm_1/U0/MDM_Core_I1/JTAG_CONTROL_I/command_reg[0]/C
High Pulse Width  Slow    FDRE/C   n/a            0.500         33.333      32.833     SLICE_X24Y97  design_3_i/mdm_1/U0/MDM_Core_I1/JTAG_CONTROL_I/command_reg[0]/C



---------------------------------------------------------------------------------------------------
Path Group:  **async_default**
From Clock:  clk_fpga_0
  To Clock:  clk_fpga_0

Setup :            0  Failing Endpoints,  Worst Slack        3.164ns,  Total Violation        0.000ns
Hold  :            0  Failing Endpoints,  Worst Slack        0.710ns,  Total Violation        0.000ns
---------------------------------------------------------------------------------------------------


Max Delay Paths
--------------------------------------------------------------------------------------
Slack (MET) :             3.164ns  (required time - arrival time)
  Source:                 design_3_i/rst_ps7_0_50M/U0/ACTIVE_LOW_PR_OUT_DFF[0].FDRE_PER_N/C
                            (rising edge-triggered cell FDRE clocked by clk_fpga_0  {rise@0.000ns fall@5.000ns period=10.000ns})
  Destination:            design_3_i/AES_AXI_Core_0/inst/aes_design/state_reg_reg[100]/CLR
                            (recovery check against rising-edge clock clk_fpga_0  {rise@0.000ns fall@5.000ns period=10.000ns})
  Path Group:             **async_default**
  Path Type:              Recovery (Max at Slow Process Corner)
  Requirement:            10.000ns  (clk_fpga_0 rise@10.000ns - clk_fpga_0 rise@0.000ns)
  Data Path Delay:        6.209ns  (logic 0.642ns (10.340%)  route 5.567ns (89.660%))
  Logic Levels:           1  (LUT1=1)
  Clock Path Skew:        -0.154ns (DCD - SCD + CPR)
    Destination Clock Delay (DCD):    2.666ns = ( 12.666 - 10.000 ) 
    Source Clock Delay      (SCD):    3.050ns
    Clock Pessimism Removal (CPR):    0.230ns
  Clock Uncertainty:      0.154ns  ((TSJ^2 + TIJ^2)^1/2 + DJ) / 2 + PE
    Total System Jitter     (TSJ):    0.071ns
    Total Input Jitter      (TIJ):    0.300ns
    Discrete Jitter          (DJ):    0.000ns
    Phase Error              (PE):    0.000ns

    Location             Delay type                Incr(ns)  Path(ns)    Netlist Resource(s)
  -------------------------------------------------------------------    -------------------
                         (clock clk_fpga_0 rise edge)
                                                      0.000     0.000 r  
    PS7_X0Y0             PS7                          0.000     0.000 r  design_3_i/processing_system7_0/inst/PS7_i/FCLKCLK[0]
                         net (fo=1, routed)           1.207     1.207    design_3_i/processing_system7_0/inst/FCLK_CLK_unbuffered[0]
    BUFGCTRL_X0Y15       BUFG (Prop_bufg_I_O)         0.101     1.308 r  design_3_i/processing_system7_0/inst/buffer_fclk_clk_0.FCLK_CLK_0_BUFG/O
                         net (fo=18235, routed)       1.742     3.050    design_3_i/rst_ps7_0_50M/U0/slowest_sync_clk
    SLICE_X38Y98         FDRE                                         r  design_3_i/rst_ps7_0_50M/U0/ACTIVE_LOW_PR_OUT_DFF[0].FDRE_PER_N/C
  -------------------------------------------------------------------    -------------------
    SLICE_X38Y98         FDRE (Prop_fdre_C_Q)         0.518     3.568 r  design_3_i/rst_ps7_0_50M/U0/ACTIVE_LOW_PR_OUT_DFF[0].FDRE_PER_N/Q
                         net (fo=19, routed)          0.474     4.042    design_3_i/AES_AXI_Core_0/inst/aes_design/key_exp_inst/s00_axis_aresetn
    SLICE_X38Y96         LUT1 (Prop_lut1_I0_O)        0.124     4.166 f  design_3_i/AES_AXI_Core_0/inst/aes_design/key_exp_inst/w[0][127]_i_3/O
                         net (fo=1776, routed)        5.093     9.259    design_3_i/AES_AXI_Core_0/inst/aes_design/s00_axis_aresetn_0
    SLICE_X24Y70         FDCE                                         f  design_3_i/AES_AXI_Core_0/inst/aes_design/state_reg_reg[100]/CLR
  -------------------------------------------------------------------    -------------------

                         (clock clk_fpga_0 rise edge)
                                                     10.000    10.000 r  
    PS7_X0Y0             PS7                          0.000    10.000 r  design_3_i/processing_system7_0/inst/PS7_i/FCLKCLK[0]
                         net (fo=1, routed)           1.101    11.101    design_3_i/processing_system7_0/inst/FCLK_CLK_unbuffered[0]
    BUFGCTRL_X0Y15       BUFG (Prop_bufg_I_O)         0.091    11.192 r  design_3_i/processing_system7_0/inst/buffer_fclk_clk_0.FCLK_CLK_0_BUFG/O
                         net (fo=18235, routed)       1.474    12.666    design_3_i/AES_AXI_Core_0/inst/aes_design/s00_axis_aclk
    SLICE_X24Y70         FDCE                                         r  design_3_i/AES_AXI_Core_0/inst/aes_design/state_reg_reg[100]/C
                         clock pessimism              0.230    12.896    
                         clock uncertainty           -0.154    12.742    
    SLICE_X24Y70         FDCE (Recov_fdce_C_CLR)     -0.319    12.423    design_3_i/AES_AXI_Core_0/inst/aes_design/state_reg_reg[100]
  -------------------------------------------------------------------
                         required time                         12.423    
                         arrival time                          -9.259    
  -------------------------------------------------------------------
                         slack                                  3.164    





Min Delay Paths
--------------------------------------------------------------------------------------
Slack (MET) :             0.710ns  (arrival time - required time)
  Source:                 design_3_i/rst_ps7_0_50M/U0/ACTIVE_LOW_PR_OUT_DFF[0].FDRE_PER_N/C
                            (rising edge-triggered cell FDRE clocked by clk_fpga_0  {rise@0.000ns fall@5.000ns period=10.000ns})
  Destination:            design_3_i/AES_AXI_Core_0/inst/aes_design/key_exp_inst/w_reg[8][22]/CLR
                            (removal check against rising-edge clock clk_fpga_0  {rise@0.000ns fall@5.000ns period=10.000ns})
  Path Group:             **async_default**
  Path Type:              Removal (Min at Fast Process Corner)
  Requirement:            0.000ns  (clk_fpga_0 rise@0.000ns - clk_fpga_0 rise@0.000ns)
  Data Path Delay:        0.655ns  (logic 0.209ns (31.888%)  route 0.446ns (68.112%))
  Logic Levels:           1  (LUT1=1)
  Clock Path Skew:        0.037ns (DCD - SCD - CPR)
    Destination Clock Delay (DCD):    1.230ns
    Source Clock Delay      (SCD):    0.930ns
    Clock Pessimism Removal (CPR):    0.263ns

    Location             Delay type                Incr(ns)  Path(ns)    Netlist Resource(s)
  -------------------------------------------------------------------    -------------------
                         (clock clk_fpga_0 rise edge)
                                                      0.000     0.000 r  
    PS7_X0Y0             PS7                          0.000     0.000 r  design_3_i/processing_system7_0/inst/PS7_i/FCLKCLK[0]
                         net (fo=1, routed)           0.315     0.315    design_3_i/processing_system7_0/inst/FCLK_CLK_unbuffered[0]
    BUFGCTRL_X0Y15       BUFG (Prop_bufg_I_O)         0.026     0.341 r  design_3_i/processing_system7_0/inst/buffer_fclk_clk_0.FCLK_CLK_0_BUFG/O
                         net (fo=18235, routed)       0.589     0.930    design_3_i/rst_ps7_0_50M/U0/slowest_sync_clk
    SLICE_X38Y98         FDRE                                         r  design_3_i/rst_ps7_0_50M/U0/ACTIVE_LOW_PR_OUT_DFF[0].FDRE_PER_N/C
  -------------------------------------------------------------------    -------------------
    SLICE_X38Y98         FDRE (Prop_fdre_C_Q)         0.164     1.094 r  design_3_i/rst_ps7_0_50M/U0/ACTIVE_LOW_PR_OUT_DFF[0].FDRE_PER_N/Q
                         net (fo=19, routed)          0.191     1.284    design_3_i/AES_AXI_Core_0/inst/aes_design/key_exp_inst/s00_axis_aresetn
    SLICE_X38Y96         LUT1 (Prop_lut1_I0_O)        0.045     1.329 f  design_3_i/AES_AXI_Core_0/inst/aes_design/key_exp_inst/w[0][127]_i_3/O
                         net (fo=1776, routed)        0.256     1.585    design_3_i/AES_AXI_Core_0/inst/aes_design/key_exp_inst/AR[0]
    SLICE_X41Y95         FDCE                                         f  design_3_i/AES_AXI_Core_0/inst/aes_design/key_exp_inst/w_reg[8][22]/CLR
  -------------------------------------------------------------------    -------------------

                         (clock clk_fpga_0 rise edge)
                                                      0.000     0.000 r  
    PS7_X0Y0             PS7                          0.000     0.000 r  design_3_i/processing_system7_0/inst/PS7_i/FCLKCLK[0]
                         net (fo=1, routed)           0.341     0.341    design_3_i/processing_system7_0/inst/FCLK_CLK_unbuffered[0]
    BUFGCTRL_X0Y15       BUFG (Prop_bufg_I_O)         0.029     0.370 r  design_3_i/processing_system7_0/inst/buffer_fclk_clk_0.FCLK_CLK_0_BUFG/O
                         net (fo=18235, routed)       0.860     1.230    design_3_i/AES_AXI_Core_0/inst/aes_design/key_exp_inst/s00_axis_aclk
    SLICE_X41Y95         FDCE                                         r  design_3_i/AES_AXI_Core_0/inst/aes_design/key_exp_inst/w_reg[8][22]/C
                         clock pessimism             -0.263     0.967    
    SLICE_X41Y95         FDCE (Remov_fdce_C_CLR)     -0.092     0.875    design_3_i/AES_AXI_Core_0/inst/aes_design/key_exp_inst/w_reg[8][22]
  -------------------------------------------------------------------
                         required time                         -0.875    
                         arrival time                           1.585    
  -------------------------------------------------------------------
                         slack                                  0.710    





