Copyright 1986-2022 Xilinx, Inc. All Rights Reserved. Copyright 2022-2025 Advanced Micro Devices, Inc. All Rights Reserved.
---------------------------------------------------------------------------------------------------------------------------------------------
| Tool Version : Vivado v.2025.1 (win64) Build 6140274 Thu May 22 00:12:29 MDT 2025
| Date         : Sat Mar 28 16:12:37 2026
| Host         : Adam_Olatunji running 64-bit major release  (build 9200)
| Command      : report_utilization -hierarchical -file C:/Users/adamo/Downloads/AES128/utilization_impl.rpt
| Design       : design_3_wrapper
| Device       : xc7z010clg400-1
| Speed File   : -1
| Design State : Routed
---------------------------------------------------------------------------------------------------------------------------------------------

Utilization Design Information

Table of Contents
-----------------
1. Utilization by Hierarchy

1. Utilization by Hierarchy
---------------------------

+-------------------------------------------------------------------------+-------------------------------------------------------------------------------+------------+------------+---------+------+-------+--------+--------+------------+
|                                 Instance                                |                                     Module                                    | Total LUTs | Logic LUTs | LUTRAMs | SRLs |  FFs  | RAMB36 | RAMB18 | DSP Blocks |
+-------------------------------------------------------------------------+-------------------------------------------------------------------------------+------------+------------+---------+------+-------+--------+--------+------------+
| design_3_wrapper                                                        |                                                                         (top) |      13141 |      11433 |    1496 |  212 | 15257 |     34 |      0 |          0 |
|   design_3_i                                                            |                                                                      design_3 |      13141 |      11433 |    1496 |  212 | 15257 |     34 |      0 |          0 |
|     microblaze_riscv_0                                                  |                                                 design_3_microblaze_riscv_0_1 |       1588 |       1500 |      64 |   24 |  1287 |      0 |      0 |          0 |
|       U0                                                                |                                           design_3_microblaze_riscv_0_1_riscv |       1588 |       1500 |      64 |   24 |  1287 |      0 |      0 |          0 |
|         riscv_core_I                                                    |                                      design_3_microblaze_riscv_0_1_riscv_core |       1588 |       1500 |      64 |   24 |  1287 |      0 |      0 |          0 |
|           Base.Core                                                     |                                       design_3_microblaze_riscv_0_1_riscv_GTi |       1587 |       1499 |      64 |   24 |  1284 |      0 |      0 |          0 |
|             Use_Debug_Logic.Master_Core.Debug_Perf                      |                                     design_3_microblaze_riscv_0_1_riscv_debug |        171 |        171 |       0 |    0 |   340 |      0 |      0 |          0 |
|               (Use_Debug_Logic.Master_Core.Debug_Perf)                  |                                     design_3_microblaze_riscv_0_1_riscv_debug |        161 |        161 |       0 |    0 |   315 |      0 |      0 |          0 |
|             Data_Flow_I                                                 |           design_3_microblaze_riscv_0_1_microblaze_riscv_v1_0_5_Data_Flow_gti |        571 |        507 |      64 |    0 |   508 |      0 |      0 |          0 |
|               csr_I                                                     |                                             design_3_microblaze_riscv_0_1_csr |         40 |         40 |       0 |    0 |   279 |      0 |      0 |          0 |
|               (Operand_Select_I)                                        |      design_3_microblaze_riscv_0_1_microblaze_riscv_v1_0_5_Operand_Select_gti |        132 |        132 |       0 |    0 |   117 |      0 |      0 |          0 |
|               Data_Flow_Logic_I                                         |         design_3_microblaze_riscv_0_1_microblaze_riscv_v1_0_5_Data_Flow_Logic |          0 |          0 |       0 |    0 |    64 |      0 |      0 |          0 |
|               Register_File_I                                           |       design_3_microblaze_riscv_0_1_microblaze_riscv_v1_0_5_Register_File_gti |         78 |         14 |      64 |    0 |     0 |      0 |      0 |          0 |
|             Decode_I                                                    |              design_3_microblaze_riscv_0_1_microblaze_riscv_v1_0_5_Decode_gti |        744 |        720 |       0 |   24 |   296 |      0 |      0 |          0 |
|               (Decode_I)                                                |              design_3_microblaze_riscv_0_1_microblaze_riscv_v1_0_5_Decode_gti |        301 |        301 |       0 |    0 |   143 |      0 |      0 |          0 |
|               No_Short_Pipe_5.Using_FPGA.Gen_Bits[3].MEM_EX_Result_Inst |                                      design_3_microblaze_riscv_0_1_MB_FDRE_85 |         67 |         67 |       0 |    0 |     1 |      0 |      0 |          0 |
|               PC_Module_I                                               |           design_3_microblaze_riscv_0_1_microblaze_riscv_v1_0_5_PC_Module_gti |         55 |         47 |       0 |    8 |    67 |      0 |      0 |          0 |
|                 (PC_Module_I)                                           |           design_3_microblaze_riscv_0_1_microblaze_riscv_v1_0_5_PC_Module_gti |         16 |          8 |       0 |    8 |    50 |      0 |      0 |          0 |
|               PreFetch_Buffer_I                                         |      design_3_microblaze_riscv_0_1_microblaze_riscv_v1_0_5_PreFetch_Buffer_ff |        247 |        231 |       0 |   16 |    38 |      0 |      0 |          0 |
|                 INSTR_BUFFER_I1                                         |                                design_3_microblaze_riscv_0_1_OneHot_Buffer_FF |        247 |        231 |       0 |   16 |    38 |      0 |      0 |          0 |
|                   (INSTR_BUFFER_I1)                                     |                                design_3_microblaze_riscv_0_1_OneHot_Buffer_FF |        182 |        166 |       0 |   16 |    32 |      0 |      0 |          0 |
|             Use_DBUS.DAXI_Interface_I1                                  |          design_3_microblaze_riscv_0_1_microblaze_riscv_v1_0_5_DAXI_interface |         50 |         50 |       0 |    0 |    40 |      0 |      0 |          0 |
|     AES_AXI_Core_0                                                      |                                                     design_3_AES_AXI_Core_0_0 |       2209 |       2209 |       0 |    0 |  2178 |      0 |      0 |          0 |
|       inst                                                              |                                        design_3_AES_AXI_Core_0_0_AES_AXI_Core |       2209 |       2209 |       0 |    0 |  2178 |      0 |      0 |          0 |
|         aes_design                                                      |                                         design_3_AES_AXI_Core_0_0_aes_128_ctr |       1949 |       1949 |       0 |    0 |  1552 |      0 |      0 |          0 |
|           (aes_design)                                                  |                                         design_3_AES_AXI_Core_0_0_aes_128_ctr |        663 |        663 |       0 |    0 |   137 |      0 |      0 |          0 |
|           key_exp_inst                                                  |                                       design_3_AES_AXI_Core_0_0_key_expansion |       1286 |       1286 |       0 |    0 |  1415 |      0 |      0 |          0 |
|             (key_exp_inst)                                              |                                       design_3_AES_AXI_Core_0_0_key_expansion |       1286 |       1286 |       0 |    0 |  1415 |      0 |      0 |          0 |
|             subU                                                        |                                            design_3_AES_AXI_Core_0_0_sub_word |          0 |          0 |       0 |    0 |     0 |      0 |      0 |          0 |
|         inst_lite                                                       |                design_3_AES_AXI_Core_0_0_AES_AXI_Core_slave_lite_v1_0_S00_AXI |         91 |         91 |       0 |    0 |   267 |      0 |      0 |          0 |
|         inst_m_stream                                                   |            design_3_AES_AXI_Core_0_0_AES_AXI_Core_master_stream_v1_0_M00_AXIS |         36 |         36 |       0 |    0 |   131 |      0 |      0 |          0 |
|         inst_s_stream                                                   |             design_3_AES_AXI_Core_0_0_AES_AXI_Core_slave_stream_v1_0_S00_AXIS |        134 |        134 |       0 |    0 |   228 |      0 |      0 |          0 |
|     axi_dma_0                                                           |                                                          design_3_axi_dma_0_0 |       1381 |       1274 |       8 |   99 |  2027 |      2 |      0 |          0 |
|       U0                                                                |                                                  design_3_axi_dma_0_0_axi_dma |       1381 |       1274 |       8 |   99 |  2027 |      2 |      0 |          0 |
|         INCLUDE_MM2S_SOF_EOF_GENERATOR.I_MM2S_DMA_MNGR                  |                                        design_3_axi_dma_0_0_axi_dma_mm2s_mngr |         14 |         14 |       0 |    0 |    76 |      0 |      0 |          0 |
|           GEN_MM2S_DMA_CONTROL.GEN_SIMPLE_DMA_MODE.I_MM2S_SMPL_SM       |                                      design_3_axi_dma_0_0_axi_dma_smple_sm_20 |          8 |          8 |       0 |    0 |    65 |      0 |      0 |          0 |
|         INCLUDE_S2MM_SOF_EOF_GENERATOR.I_S2MM_DMA_MNGR                  |                                        design_3_axi_dma_0_0_axi_dma_s2mm_mngr |         28 |         28 |       0 |    0 |   104 |      0 |      0 |          0 |
|           GEN_S2MM_DMA_CONTROL.GEN_SIMPLE_DMA_MODE.I_S2MM_SMPL_SM       |                                         design_3_axi_dma_0_0_axi_dma_smple_sm |          8 |          8 |       0 |    0 |    65 |      0 |      0 |          0 |
|         I_AXI_DMA_REG_MODULE                                            |                                       design_3_axi_dma_0_0_axi_dma_reg_module |        152 |        152 |       0 |    0 |   265 |      0 |      0 |          0 |
|           GEN_AXI_LITE_IF.AXI_LITE_IF_I                                 |                                          design_3_axi_dma_0_0_axi_dma_lite_if |        123 |        123 |       0 |    0 |    85 |      0 |      0 |          0 |
|           GEN_MM2S_REGISTERS.I_MM2S_DMA_REGISTER                        |                                         design_3_axi_dma_0_0_axi_dma_register |         11 |         11 |       0 |    0 |    90 |      0 |      0 |          0 |
|           GEN_S2MM_REGISTERS.I_S2MM_DMA_REGISTER                        |                                    design_3_axi_dma_0_0_axi_dma_register_s2mm |         18 |         18 |       0 |    0 |    90 |      0 |      0 |          0 |
|         I_PRMRY_DATAMOVER                                               |                                            design_3_axi_dma_0_0_axi_datamover |       1172 |       1065 |       8 |   99 |  1544 |      2 |      0 |          0 |
|           GEN_MM2S_FULL.I_MM2S_FULL_WRAPPER                             |                             design_3_axi_dma_0_0_axi_datamover_mm2s_full_wrap |        383 |        351 |       0 |   32 |   474 |      1 |      0 |          0 |
|             ENABLE_AXIS_SKID.I_MM2S_SKID_BUF                            |                                 design_3_axi_dma_0_0_axi_datamover_skid_buf_8 |         39 |         39 |       0 |    0 |    71 |      0 |      0 |          0 |
|             GEN_INCLUDE_MM2S_SF.I_RD_SF                                 |                                      design_3_axi_dma_0_0_axi_datamover_rd_sf |         76 |         76 |       0 |    0 |    59 |      1 |      0 |          0 |
|               I_DATA_FIFO                                               |                               design_3_axi_dma_0_0_axi_datamover_sfifo_autord |         63 |         63 |       0 |    0 |    47 |      1 |      0 |          0 |
|                 BLK_MEM.I_SYNC_FIFOGEN_FIFO                             |                                            design_3_axi_dma_0_0_xpm_fifo_sync |         57 |         57 |       0 |    0 |    47 |      1 |      0 |          0 |
|                   xpm_fifo_base_inst                                    |                                            design_3_axi_dma_0_0_xpm_fifo_base |         57 |         57 |       0 |    0 |    47 |      1 |      0 |          0 |
|             I_CMD_STATUS                                                |                                 design_3_axi_dma_0_0_axi_datamover_cmd_status |         10 |         10 |       0 |    0 |    71 |      0 |      0 |          0 |
|               I_CMD_FIFO                                                |                                    design_3_axi_dma_0_0_axi_datamover_fifo_10 |          3 |          3 |       0 |    0 |    65 |      0 |      0 |          0 |
|             I_MSTR_PCC                                                  |                                        design_3_axi_dma_0_0_axi_datamover_pcc |        166 |        166 |       0 |    0 |   169 |      0 |      0 |          0 |
|               (I_MSTR_PCC)                                              |                                        design_3_axi_dma_0_0_axi_datamover_pcc |        165 |        165 |       0 |    0 |   169 |      0 |      0 |          0 |
|           GEN_S2MM_FULL.I_S2MM_FULL_WRAPPER                             |                             design_3_axi_dma_0_0_axi_datamover_s2mm_full_wrap |        789 |        714 |       8 |   67 |  1070 |      1 |      0 |          0 |
|             (I_WR_DATA_CNTL)                                            |                                design_3_axi_dma_0_0_axi_datamover_wrdata_cntl |         51 |         51 |       0 |    0 |    56 |      0 |      0 |          0 |
|             ENABLE_AXIS_SKID.I_S2MM_STRM_SKID_BUF                       |                                   design_3_axi_dma_0_0_axi_datamover_skid_buf |         46 |         46 |       0 |    0 |    80 |      0 |      0 |          0 |
|             GEN_ENABLE_INDET_BTT_SF.I_INDET_BTT                         |                                  design_3_axi_dma_0_0_axi_datamover_indet_btt |        166 |        158 |       8 |    0 |   193 |      1 |      0 |          0 |
|               I_XD_FIFO                                                 |               design_3_axi_dma_0_0_axi_datamover_sfifo_autord__parameterized0 |         71 |         63 |       8 |    0 |    54 |      0 |      0 |          0 |
|                 NON_BLK_MEM.I_SYNC_FIFOGEN_FIFO                         |                            design_3_axi_dma_0_0_xpm_fifo_sync__parameterized1 |         44 |         36 |       8 |    0 |    54 |      0 |      0 |          0 |
|                   xpm_fifo_base_inst                                    |                            design_3_axi_dma_0_0_xpm_fifo_base__parameterized0 |         44 |         36 |       8 |    0 |    54 |      0 |      0 |          0 |
|               ENABLE_AXIS_SKID.I_INDET_BTT_SKID_BUF                     |                   design_3_axi_dma_0_0_axi_datamover_skid_buf__parameterized0 |         46 |         46 |       0 |    0 |    86 |      0 |      0 |          0 |
|             GEN_INCLUDE_IBTTCC.I_S2MM_MSTR_IBTTCC                       |                                     design_3_axi_dma_0_0_axi_datamover_ibttcc |        152 |        152 |       0 |    0 |   251 |      0 |      0 |          0 |
|             GEN_INCLUDE_REALIGNER.I_S2MM_REALIGNER                      |                               design_3_axi_dma_0_0_axi_datamover_s2mm_realign |        212 |        190 |       0 |   22 |   189 |      0 |      0 |          0 |
|               GEN_INCLUDE_SCATTER.I_S2MM_SCATTER                        |                               design_3_axi_dma_0_0_axi_datamover_s2mm_scatter |        184 |        179 |       0 |    5 |   176 |      0 |      0 |          0 |
|                 (GEN_INCLUDE_SCATTER.I_S2MM_SCATTER)                    |                               design_3_axi_dma_0_0_axi_datamover_s2mm_scatter |         86 |         86 |       0 |    0 |    71 |      0 |      0 |          0 |
|                 I_MSSAI_SKID_BUF                                        |                             design_3_axi_dma_0_0_axi_datamover_mssai_skid_buf |         58 |         58 |       0 |    0 |    83 |      0 |      0 |          0 |
|             I_CMD_STATUS                                                |                 design_3_axi_dma_0_0_axi_datamover_cmd_status__parameterized0 |         23 |         23 |       0 |    0 |    99 |      0 |      0 |          0 |
|               I_CMD_FIFO                                                |                                       design_3_axi_dma_0_0_axi_datamover_fifo |          4 |          4 |       0 |    0 |    65 |      0 |      0 |          0 |
|             I_S2MM_MMAP_SKID_BUF                                        |                                design_3_axi_dma_0_0_axi_datamover_skid2mm_buf |         35 |         35 |       0 |    0 |    79 |      0 |      0 |          0 |
|     axi_smc                                                             |                                                            design_3_axi_smc_0 |       7485 |       5980 |    1424 |   81 |  9274 |      0 |      0 |          0 |
|       inst                                                              |                                                    design_3_axi_smc_0_bd_17c8 |       7485 |       5980 |    1424 |   81 |  9274 |      0 |      0 |          0 |
|         m00_exit_pipeline                                               |                              design_3_axi_smc_0_m00_exit_pipeline_imp_1P6FERU |        230 |        226 |       0 |    4 |   348 |      0 |      0 |          0 |
|           m00_exit                                                      |                                             design_3_axi_smc_0_bd_17c8_m00e_0 |        230 |        226 |       0 |    4 |   348 |      0 |      0 |          0 |
|             inst                                                        |                             design_3_axi_smc_0_sc_exit_v1_0_17_top__xdcDup__1 |        230 |        226 |       0 |    4 |   348 |      0 |      0 |          0 |
|               w_reg                                                     |                           design_3_axi_smc_0_sc_util_v1_0_4_axi_reg_stall_499 |         23 |         23 |       0 |    0 |    76 |      0 |      0 |          0 |
|               r_reg                                                     |                           design_3_axi_smc_0_sc_util_v1_0_4_axi_reg_stall_497 |         37 |         37 |       0 |    0 |    68 |      0 |      0 |          0 |
|               splitter_inst                                             |                               design_3_axi_smc_0_sc_exit_v1_0_17_splitter_498 |        110 |        110 |       0 |    0 |   151 |      0 |      0 |          0 |
|                 gen_axi4lite.axilite_conv                               |                           design_3_axi_smc_0_sc_exit_v1_0_17_axilite_conv_500 |        110 |        110 |       0 |    0 |   151 |      0 |      0 |          0 |
|         m00_nodes                                                       |                                      design_3_axi_smc_0_m00_nodes_imp_12X9AQU |        593 |        434 |     158 |    1 |   575 |      0 |      0 |          0 |
|           m00_ar_node                                                   |                                           design_3_axi_smc_0_bd_17c8_m00arn_0 |         95 |         71 |      24 |    0 |    78 |      0 |      0 |          0 |
|             inst                                                        |                             design_3_axi_smc_0_sc_node_v1_0_18_top__xdcDup__1 |         95 |         71 |      24 |    0 |    78 |      0 |      0 |          0 |
|               inst_mi_handler                                           |                      design_3_axi_smc_0_sc_node_v1_0_18_mi_handler__xdcDup__1 |         86 |         62 |      24 |    0 |    67 |      0 |      0 |          0 |
|                 gen_normal_area.inst_fifo_node_payld                    |            design_3_axi_smc_0_sc_node_v1_0_18_fifo__parameterized0__xdcDup__1 |         51 |         27 |      24 |    0 |    43 |      0 |      0 |          0 |
|                   gen_xpm_memory_fifo.inst_fifo                         |  design_3_axi_smc_0_sc_util_v1_0_4_xpm_memory_fifo__parameterized0__xdcDup__1 |         51 |         27 |      24 |    0 |    43 |      0 |      0 |          0 |
|           m00_aw_node                                                   |                                           design_3_axi_smc_0_bd_17c8_m00awn_0 |         97 |         88 |       8 |    1 |    70 |      0 |      0 |          0 |
|             inst                                                        |             design_3_axi_smc_0_sc_node_v1_0_18_top__parameterized0__xdcDup__1 |         97 |         88 |       8 |    1 |    70 |      0 |      0 |          0 |
|           m00_b_node                                                    |                                            design_3_axi_smc_0_bd_17c8_m00bn_0 |         85 |         79 |       6 |    0 |    61 |      0 |      0 |          0 |
|             inst                                                        |             design_3_axi_smc_0_sc_node_v1_0_18_top__parameterized1__xdcDup__1 |         85 |         79 |       6 |    0 |    61 |      0 |      0 |          0 |
|               inst_mi_handler                                           |      design_3_axi_smc_0_sc_node_v1_0_18_mi_handler__parameterized1__xdcDup__1 |         80 |         74 |       6 |    0 |    56 |      0 |      0 |          0 |
|           m00_r_node                                                    |                                            design_3_axi_smc_0_bd_17c8_m00rn_0 |        141 |         79 |      62 |    0 |   226 |      0 |      0 |          0 |
|             inst                                                        |             design_3_axi_smc_0_sc_node_v1_0_18_top__parameterized2__xdcDup__1 |        141 |         79 |      62 |    0 |   226 |      0 |      0 |          0 |
|               inst_mi_handler                                           |      design_3_axi_smc_0_sc_node_v1_0_18_mi_handler__parameterized2__xdcDup__1 |        137 |         75 |      62 |    0 |   221 |      0 |      0 |          0 |
|                 gen_normal_area.inst_fifo_node_payld                    |            design_3_axi_smc_0_sc_node_v1_0_18_fifo__parameterized4__xdcDup__1 |         89 |         31 |      58 |    0 |    98 |      0 |      0 |          0 |
|                   gen_xpm_memory_fifo.inst_fifo                         |  design_3_axi_smc_0_sc_util_v1_0_4_xpm_memory_fifo__parameterized4__xdcDup__1 |         89 |         31 |      58 |    0 |    98 |      0 |      0 |          0 |
|                     gen_mem_rep[0].inst_xpm_memory                      |                          design_3_axi_smc_0_xpm_memory_sdpram__parameterized3 |         58 |          0 |      58 |    0 |    76 |      0 |      0 |          0 |
|                       xpm_memory_base_inst                              |                            design_3_axi_smc_0_xpm_memory_base__parameterized3 |         58 |          0 |      58 |    0 |    76 |      0 |      0 |          0 |
|                 gen_normal_area.gen_upsizer.inst_upsizer                |                                design_3_axi_smc_0_sc_node_v1_0_18_upsizer_452 |         10 |         10 |       0 |    0 |    89 |      0 |      0 |          0 |
|                   (gen_normal_area.gen_upsizer.inst_upsizer)            |                                design_3_axi_smc_0_sc_node_v1_0_18_upsizer_452 |          9 |          9 |       0 |    0 |    84 |      0 |      0 |          0 |
|           m00_w_node                                                    |                                            design_3_axi_smc_0_bd_17c8_m00wn_0 |        175 |        117 |      58 |    0 |   140 |      0 |      0 |          0 |
|             inst                                                        |             design_3_axi_smc_0_sc_node_v1_0_18_top__parameterized3__xdcDup__1 |        175 |        117 |      58 |    0 |   140 |      0 |      0 |          0 |
|               inst_mi_handler                                           |      design_3_axi_smc_0_sc_node_v1_0_18_mi_handler__parameterized3__xdcDup__1 |        155 |         99 |      56 |    0 |   123 |      0 |      0 |          0 |
|                 gen_normal_area.inst_fifo_node_payld                    |            design_3_axi_smc_0_sc_node_v1_0_18_fifo__parameterized6__xdcDup__1 |        122 |         66 |      56 |    0 |    96 |      0 |      0 |          0 |
|                   gen_xpm_memory_fifo.inst_fifo                         |  design_3_axi_smc_0_sc_util_v1_0_4_xpm_memory_fifo__parameterized6__xdcDup__1 |        122 |         66 |      56 |    0 |    96 |      0 |      0 |          0 |
|                     gen_mem_rep[0].inst_xpm_memory                      |                          design_3_axi_smc_0_xpm_memory_sdpram__parameterized5 |         56 |          0 |      56 |    0 |    75 |      0 |      0 |          0 |
|                       xpm_memory_base_inst                              |                            design_3_axi_smc_0_xpm_memory_base__parameterized5 |         56 |          0 |      56 |    0 |    75 |      0 |      0 |          0 |
|         m01_exit_pipeline                                               |                              design_3_axi_smc_0_m01_exit_pipeline_imp_1KF1YYY |        241 |        237 |       0 |    4 |   365 |      0 |      0 |          0 |
|           m01_exit                                                      |                                             design_3_axi_smc_0_bd_17c8_m01e_0 |        241 |        237 |       0 |    4 |   365 |      0 |      0 |          0 |
|             inst                                                        |                        design_3_axi_smc_0_sc_exit_v1_0_17_top__parameterized0 |        241 |        237 |       0 |    4 |   365 |      0 |      0 |          0 |
|               w_reg                                                     |                           design_3_axi_smc_0_sc_util_v1_0_4_axi_reg_stall_429 |         21 |         21 |       0 |    0 |    68 |      0 |      0 |          0 |
|               r_reg                                                     |                           design_3_axi_smc_0_sc_util_v1_0_4_axi_reg_stall_428 |         37 |         37 |       0 |    0 |    68 |      0 |      0 |          0 |
|               splitter_inst                                             |                   design_3_axi_smc_0_sc_exit_v1_0_17_splitter__parameterized0 |        120 |        120 |       0 |    0 |   158 |      0 |      0 |          0 |
|                 gen_axi4lite.axilite_conv                               |                           design_3_axi_smc_0_sc_exit_v1_0_17_axilite_conv_430 |        120 |        120 |       0 |    0 |   158 |      0 |      0 |          0 |
|         m01_nodes                                                       |                                       design_3_axi_smc_0_m01_nodes_imp_4SLAZ4 |        594 |        431 |     162 |    1 |   584 |      0 |      0 |          0 |
|           m01_ar_node                                                   |                                           design_3_axi_smc_0_bd_17c8_m01arn_0 |        100 |         72 |      28 |    0 |    83 |      0 |      0 |          0 |
|             inst                                                        |                             design_3_axi_smc_0_sc_node_v1_0_18_top__xdcDup__2 |        100 |         72 |      28 |    0 |    83 |      0 |      0 |          0 |
|               inst_mi_handler                                           |                      design_3_axi_smc_0_sc_node_v1_0_18_mi_handler__xdcDup__2 |         90 |         62 |      28 |    0 |    72 |      0 |      0 |          0 |
|                 gen_normal_area.inst_fifo_node_payld                    |            design_3_axi_smc_0_sc_node_v1_0_18_fifo__parameterized0__xdcDup__3 |         55 |         27 |      28 |    0 |    48 |      0 |      0 |          0 |
|                   gen_xpm_memory_fifo.inst_fifo                         |  design_3_axi_smc_0_sc_util_v1_0_4_xpm_memory_fifo__parameterized0__xdcDup__3 |         55 |         27 |      28 |    0 |    48 |      0 |      0 |          0 |
|           m01_aw_node                                                   |                                           design_3_axi_smc_0_bd_17c8_m01awn_0 |         97 |         88 |       8 |    1 |    72 |      0 |      0 |          0 |
|             inst                                                        |             design_3_axi_smc_0_sc_node_v1_0_18_top__parameterized0__xdcDup__2 |         97 |         88 |       8 |    1 |    72 |      0 |      0 |          0 |
|           m01_b_node                                                    |                                            design_3_axi_smc_0_bd_17c8_m01bn_0 |         83 |         77 |       6 |    0 |    61 |      0 |      0 |          0 |
|             inst                                                        |             design_3_axi_smc_0_sc_node_v1_0_18_top__parameterized1__xdcDup__2 |         83 |         77 |       6 |    0 |    61 |      0 |      0 |          0 |
|               inst_mi_handler                                           |      design_3_axi_smc_0_sc_node_v1_0_18_mi_handler__parameterized1__xdcDup__2 |         79 |         73 |       6 |    0 |    56 |      0 |      0 |          0 |
|           m01_r_node                                                    |                                            design_3_axi_smc_0_bd_17c8_m01rn_0 |        140 |         78 |      62 |    0 |   228 |      0 |      0 |          0 |
|             inst                                                        |             design_3_axi_smc_0_sc_node_v1_0_18_top__parameterized2__xdcDup__2 |        140 |         78 |      62 |    0 |   228 |      0 |      0 |          0 |
|               inst_mi_handler                                           |      design_3_axi_smc_0_sc_node_v1_0_18_mi_handler__parameterized2__xdcDup__2 |        136 |         74 |      62 |    0 |   223 |      0 |      0 |          0 |
|                 gen_normal_area.inst_fifo_node_payld                    |            design_3_axi_smc_0_sc_node_v1_0_18_fifo__parameterized4__xdcDup__2 |         89 |         31 |      58 |    0 |    98 |      0 |      0 |          0 |
|                   gen_xpm_memory_fifo.inst_fifo                         |  design_3_axi_smc_0_sc_util_v1_0_4_xpm_memory_fifo__parameterized4__xdcDup__2 |         89 |         31 |      58 |    0 |    98 |      0 |      0 |          0 |
|                     gen_mem_rep[0].inst_xpm_memory                      |                       design_3_axi_smc_0_xpm_memory_sdpram__parameterized3__7 |         58 |          0 |      58 |    0 |    76 |      0 |      0 |          0 |
|                       xpm_memory_base_inst                              |                         design_3_axi_smc_0_xpm_memory_base__parameterized3__7 |         58 |          0 |      58 |    0 |    76 |      0 |      0 |          0 |
|                 gen_normal_area.gen_upsizer.inst_upsizer                |                                design_3_axi_smc_0_sc_node_v1_0_18_upsizer_384 |          9 |          9 |       0 |    0 |    91 |      0 |      0 |          0 |
|                   (gen_normal_area.gen_upsizer.inst_upsizer)            |                                design_3_axi_smc_0_sc_node_v1_0_18_upsizer_384 |          8 |          8 |       0 |    0 |    86 |      0 |      0 |          0 |
|           m01_w_node                                                    |                                            design_3_axi_smc_0_bd_17c8_m01wn_0 |        175 |        117 |      58 |    0 |   140 |      0 |      0 |          0 |
|             inst                                                        |             design_3_axi_smc_0_sc_node_v1_0_18_top__parameterized3__xdcDup__2 |        175 |        117 |      58 |    0 |   140 |      0 |      0 |          0 |
|               inst_mi_handler                                           |      design_3_axi_smc_0_sc_node_v1_0_18_mi_handler__parameterized3__xdcDup__2 |        155 |         99 |      56 |    0 |   123 |      0 |      0 |          0 |
|                 gen_normal_area.inst_fifo_node_payld                    |            design_3_axi_smc_0_sc_node_v1_0_18_fifo__parameterized6__xdcDup__2 |        122 |         66 |      56 |    0 |    96 |      0 |      0 |          0 |
|                   gen_xpm_memory_fifo.inst_fifo                         |  design_3_axi_smc_0_sc_util_v1_0_4_xpm_memory_fifo__parameterized6__xdcDup__2 |        122 |         66 |      56 |    0 |    96 |      0 |      0 |          0 |
|                     gen_mem_rep[0].inst_xpm_memory                      |                       design_3_axi_smc_0_xpm_memory_sdpram__parameterized5__8 |         56 |          0 |      56 |    0 |    75 |      0 |      0 |          0 |
|                       xpm_memory_base_inst                              |                         design_3_axi_smc_0_xpm_memory_base__parameterized5__8 |         56 |          0 |      56 |    0 |    75 |      0 |      0 |          0 |
|         m02_exit_pipeline                                               |                              design_3_axi_smc_0_m02_exit_pipeline_imp_1V713II |        585 |        565 |       0 |   20 |   830 |      0 |      0 |          0 |
|           m02_exit                                                      |                                             design_3_axi_smc_0_bd_17c8_m02e_0 |        585 |        565 |       0 |   20 |   830 |      0 |      0 |          0 |
|             inst                                                        |                        design_3_axi_smc_0_sc_exit_v1_0_17_top__parameterized1 |        585 |        565 |       0 |   20 |   830 |      0 |      0 |          0 |
|               w_reg                                                     |                           design_3_axi_smc_0_sc_util_v1_0_4_axi_reg_stall_341 |         23 |         23 |       0 |    0 |    78 |      0 |      0 |          0 |
|               ar_reg                                                    |                           design_3_axi_smc_0_sc_util_v1_0_4_axi_reg_stall_337 |         30 |         30 |       0 |    0 |   102 |      0 |      0 |          0 |
|               aw_reg                                                    |                           design_3_axi_smc_0_sc_util_v1_0_4_axi_reg_stall_338 |         30 |         30 |       0 |    0 |   102 |      0 |      0 |          0 |
|               r_reg                                                     |                           design_3_axi_smc_0_sc_util_v1_0_4_axi_reg_stall_340 |         27 |         27 |       0 |    0 |    74 |      0 |      0 |          0 |
|               splitter_inst                                             |                   design_3_axi_smc_0_sc_exit_v1_0_17_splitter__parameterized1 |        407 |        400 |       0 |    7 |   431 |      0 |      0 |          0 |
|                 gen_axi3.splitter_inst                                  |                                  design_3_axi_smc_0_sc_exit_v1_0_17_axi3_conv |        407 |        400 |       0 |    7 |   430 |      0 |      0 |          0 |
|                   (gen_axi3.splitter_inst)                              |                                  design_3_axi_smc_0_sc_exit_v1_0_17_axi3_conv |         98 |         98 |       0 |    0 |   139 |      0 |      0 |          0 |
|                   ar_cmd_reg                                            |                           design_3_axi_smc_0_sc_util_v1_0_4_axi_reg_stall_342 |        128 |        128 |       0 |    0 |   136 |      0 |      0 |          0 |
|                   aw_cmd_reg                                            |                           design_3_axi_smc_0_sc_util_v1_0_4_axi_reg_stall_343 |        116 |        116 |       0 |    0 |   124 |      0 |      0 |          0 |
|         m02_nodes                                                       |                                       design_3_axi_smc_0_m02_nodes_imp_UA9R0R |        672 |        433 |     238 |    1 |   675 |      0 |      0 |          0 |
|           m02_ar_node                                                   |                                           design_3_axi_smc_0_bd_17c8_m02arn_0 |        131 |         71 |      60 |    0 |   126 |      0 |      0 |          0 |
|             inst                                                        |                             design_3_axi_smc_0_sc_node_v1_0_18_top__xdcDup__3 |        131 |         71 |      60 |    0 |   126 |      0 |      0 |          0 |
|               inst_mi_handler                                           |                      design_3_axi_smc_0_sc_node_v1_0_18_mi_handler__xdcDup__3 |        121 |         61 |      60 |    0 |   115 |      0 |      0 |          0 |
|                 gen_normal_area.inst_fifo_node_payld                    |            design_3_axi_smc_0_sc_node_v1_0_18_fifo__parameterized0__xdcDup__5 |         86 |         26 |      60 |    0 |    91 |      0 |      0 |          0 |
|                   gen_xpm_memory_fifo.inst_fifo                         |  design_3_axi_smc_0_sc_util_v1_0_4_xpm_memory_fifo__parameterized0__xdcDup__5 |         86 |         26 |      60 |    0 |    91 |      0 |      0 |          0 |
|                     gen_mem_rep[0].inst_xpm_memory                      |                      design_3_axi_smc_0_xpm_memory_sdpram__parameterized0__13 |         60 |          0 |      60 |    0 |    70 |      0 |      0 |          0 |
|                       xpm_memory_base_inst                              |                        design_3_axi_smc_0_xpm_memory_base__parameterized0__13 |         60 |          0 |      60 |    0 |    70 |      0 |      0 |          0 |
|           m02_aw_node                                                   |                                           design_3_axi_smc_0_bd_17c8_m02awn_0 |        145 |         88 |      56 |    1 |   129 |      0 |      0 |          0 |
|             inst                                                        |             design_3_axi_smc_0_sc_node_v1_0_18_top__parameterized0__xdcDup__3 |        145 |         88 |      56 |    1 |   129 |      0 |      0 |          0 |
|               inst_mi_handler                                           |      design_3_axi_smc_0_sc_node_v1_0_18_mi_handler__parameterized0__xdcDup__3 |        118 |         62 |      56 |    0 |   109 |      0 |      0 |          0 |
|                 gen_normal_area.inst_fifo_node_payld                    |            design_3_axi_smc_0_sc_node_v1_0_18_fifo__parameterized0__xdcDup__6 |         83 |         27 |      56 |    0 |    85 |      0 |      0 |          0 |
|                   gen_xpm_memory_fifo.inst_fifo                         |  design_3_axi_smc_0_sc_util_v1_0_4_xpm_memory_fifo__parameterized0__xdcDup__6 |         83 |         27 |      56 |    0 |    85 |      0 |      0 |          0 |
|                     gen_mem_rep[0].inst_xpm_memory                      |                      design_3_axi_smc_0_xpm_memory_sdpram__parameterized0__12 |         56 |          0 |      56 |    0 |    64 |      0 |      0 |          0 |
|                       xpm_memory_base_inst                              |                        design_3_axi_smc_0_xpm_memory_base__parameterized0__12 |         56 |          0 |      56 |    0 |    64 |      0 |      0 |          0 |
|           m02_b_node                                                    |                                            design_3_axi_smc_0_bd_17c8_m02bn_0 |         84 |         78 |       6 |    0 |    61 |      0 |      0 |          0 |
|             inst                                                        |             design_3_axi_smc_0_sc_node_v1_0_18_top__parameterized1__xdcDup__3 |         84 |         78 |       6 |    0 |    61 |      0 |      0 |          0 |
|               inst_mi_handler                                           |      design_3_axi_smc_0_sc_node_v1_0_18_mi_handler__parameterized1__xdcDup__3 |         80 |         74 |       6 |    0 |    56 |      0 |      0 |          0 |
|           m02_r_node                                                    |                                            design_3_axi_smc_0_bd_17c8_m02rn_0 |        140 |         82 |      58 |    0 |   220 |      0 |      0 |          0 |
|             inst                                                        |             design_3_axi_smc_0_sc_node_v1_0_18_top__parameterized2__xdcDup__3 |        140 |         82 |      58 |    0 |   220 |      0 |      0 |          0 |
|               inst_mi_handler                                           |      design_3_axi_smc_0_sc_node_v1_0_18_mi_handler__parameterized2__xdcDup__3 |        135 |         77 |      58 |    0 |   215 |      0 |      0 |          0 |
|                 gen_normal_area.inst_fifo_node_payld                    |            design_3_axi_smc_0_sc_node_v1_0_18_fifo__parameterized4__xdcDup__3 |         85 |         31 |      54 |    0 |    96 |      0 |      0 |          0 |
|                   gen_xpm_memory_fifo.inst_fifo                         |  design_3_axi_smc_0_sc_util_v1_0_4_xpm_memory_fifo__parameterized4__xdcDup__3 |         85 |         31 |      54 |    0 |    96 |      0 |      0 |          0 |
|                     gen_mem_rep[0].inst_xpm_memory                      |                       design_3_axi_smc_0_xpm_memory_sdpram__parameterized3__5 |         54 |          0 |      54 |    0 |    74 |      0 |      0 |          0 |
|                       xpm_memory_base_inst                              |                         design_3_axi_smc_0_xpm_memory_base__parameterized3__5 |         54 |          0 |      54 |    0 |    74 |      0 |      0 |          0 |
|                 gen_normal_area.gen_upsizer.inst_upsizer                |                                design_3_axi_smc_0_sc_node_v1_0_18_upsizer_296 |         12 |         12 |       0 |    0 |    85 |      0 |      0 |          0 |
|                   (gen_normal_area.gen_upsizer.inst_upsizer)            |                                design_3_axi_smc_0_sc_node_v1_0_18_upsizer_296 |         11 |         11 |       0 |    0 |    80 |      0 |      0 |          0 |
|           m02_w_node                                                    |                                            design_3_axi_smc_0_bd_17c8_m02wn_0 |        173 |        115 |      58 |    0 |   139 |      0 |      0 |          0 |
|             inst                                                        |             design_3_axi_smc_0_sc_node_v1_0_18_top__parameterized3__xdcDup__3 |        173 |        115 |      58 |    0 |   139 |      0 |      0 |          0 |
|               inst_mi_handler                                           |      design_3_axi_smc_0_sc_node_v1_0_18_mi_handler__parameterized3__xdcDup__3 |        154 |         98 |      56 |    0 |   122 |      0 |      0 |          0 |
|                 gen_normal_area.inst_fifo_node_payld                    |            design_3_axi_smc_0_sc_node_v1_0_18_fifo__parameterized6__xdcDup__3 |        121 |         65 |      56 |    0 |    95 |      0 |      0 |          0 |
|                   gen_xpm_memory_fifo.inst_fifo                         |  design_3_axi_smc_0_sc_util_v1_0_4_xpm_memory_fifo__parameterized6__xdcDup__3 |        121 |         65 |      56 |    0 |    95 |      0 |      0 |          0 |
|                     gen_mem_rep[0].inst_xpm_memory                      |                       design_3_axi_smc_0_xpm_memory_sdpram__parameterized5__6 |         56 |          0 |      56 |    0 |    74 |      0 |      0 |          0 |
|                       xpm_memory_base_inst                              |                         design_3_axi_smc_0_xpm_memory_base__parameterized5__6 |         56 |          0 |      56 |    0 |    74 |      0 |      0 |          0 |
|         m03_exit_pipeline                                               |                              design_3_axi_smc_0_m03_exit_pipeline_imp_1RJMQQ2 |        613 |        593 |       0 |   20 |   964 |      0 |      0 |          0 |
|           m03_exit                                                      |                                             design_3_axi_smc_0_bd_17c8_m03e_0 |        613 |        593 |       0 |   20 |   964 |      0 |      0 |          0 |
|             inst                                                        |                        design_3_axi_smc_0_sc_exit_v1_0_17_top__parameterized2 |        613 |        593 |       0 |   20 |   964 |      0 |      0 |          0 |
|               w_reg                                                     |                           design_3_axi_smc_0_sc_util_v1_0_4_axi_reg_stall_255 |         41 |         41 |       0 |    0 |   150 |      0 |      0 |          0 |
|               ar_reg                                                    |                           design_3_axi_smc_0_sc_util_v1_0_4_axi_reg_stall_251 |         30 |         30 |       0 |    0 |   102 |      0 |      0 |          0 |
|               aw_reg                                                    |                           design_3_axi_smc_0_sc_util_v1_0_4_axi_reg_stall_252 |         30 |         30 |       0 |    0 |   102 |      0 |      0 |          0 |
|               r_reg                                                     |                           design_3_axi_smc_0_sc_util_v1_0_4_axi_reg_stall_254 |         43 |         43 |       0 |    0 |   138 |      0 |      0 |          0 |
|               splitter_inst                                             |                   design_3_axi_smc_0_sc_exit_v1_0_17_splitter__parameterized2 |        401 |        394 |       0 |    7 |   429 |      0 |      0 |          0 |
|                 gen_axi3.splitter_inst                                  |                  design_3_axi_smc_0_sc_exit_v1_0_17_axi3_conv__parameterized0 |        401 |        394 |       0 |    7 |   428 |      0 |      0 |          0 |
|                   (gen_axi3.splitter_inst)                              |                  design_3_axi_smc_0_sc_exit_v1_0_17_axi3_conv__parameterized0 |         96 |         96 |       0 |    0 |   137 |      0 |      0 |          0 |
|                   ar_cmd_reg                                            |                           design_3_axi_smc_0_sc_util_v1_0_4_axi_reg_stall_256 |        125 |        125 |       0 |    0 |   136 |      0 |      0 |          0 |
|                   aw_cmd_reg                                            |                           design_3_axi_smc_0_sc_util_v1_0_4_axi_reg_stall_257 |        114 |        114 |       0 |    0 |   124 |      0 |      0 |          0 |
|         m03_nodes                                                       |                                      design_3_axi_smc_0_m03_nodes_imp_1UMWY2L |        659 |        421 |     236 |    2 |   609 |      0 |      0 |          0 |
|           m03_ar_node                                                   |                                           design_3_axi_smc_0_bd_17c8_m03arn_0 |        137 |         77 |      60 |    0 |   131 |      0 |      0 |          0 |
|             inst                                                        |                        design_3_axi_smc_0_sc_node_v1_0_18_top__parameterized4 |        137 |         77 |      60 |    0 |   131 |      0 |      0 |          0 |
|               inst_mi_handler                                           |                 design_3_axi_smc_0_sc_node_v1_0_18_mi_handler__parameterized4 |        118 |         58 |      60 |    0 |   115 |      0 |      0 |          0 |
|                 gen_normal_area.inst_fifo_node_payld                    |            design_3_axi_smc_0_sc_node_v1_0_18_fifo__parameterized0__xdcDup__7 |         86 |         26 |      60 |    0 |    91 |      0 |      0 |          0 |
|                   gen_xpm_memory_fifo.inst_fifo                         |  design_3_axi_smc_0_sc_util_v1_0_4_xpm_memory_fifo__parameterized0__xdcDup__7 |         86 |         26 |      60 |    0 |    91 |      0 |      0 |          0 |
|                     gen_mem_rep[0].inst_xpm_memory                      |                      design_3_axi_smc_0_xpm_memory_sdpram__parameterized0__11 |         60 |          0 |      60 |    0 |    70 |      0 |      0 |          0 |
|                       xpm_memory_base_inst                              |                        design_3_axi_smc_0_xpm_memory_base__parameterized0__11 |         60 |          0 |      60 |    0 |    70 |      0 |      0 |          0 |
|           m03_aw_node                                                   |                                           design_3_axi_smc_0_bd_17c8_m03awn_0 |        150 |         92 |      56 |    2 |   134 |      0 |      0 |          0 |
|             inst                                                        |                        design_3_axi_smc_0_sc_node_v1_0_18_top__parameterized5 |        150 |         92 |      56 |    2 |   134 |      0 |      0 |          0 |
|               inst_mi_handler                                           |                 design_3_axi_smc_0_sc_node_v1_0_18_mi_handler__parameterized5 |        115 |         59 |      56 |    0 |   109 |      0 |      0 |          0 |
|                 gen_normal_area.inst_fifo_node_payld                    |            design_3_axi_smc_0_sc_node_v1_0_18_fifo__parameterized0__xdcDup__8 |         83 |         27 |      56 |    0 |    85 |      0 |      0 |          0 |
|                   gen_xpm_memory_fifo.inst_fifo                         |  design_3_axi_smc_0_sc_util_v1_0_4_xpm_memory_fifo__parameterized0__xdcDup__8 |         83 |         27 |      56 |    0 |    85 |      0 |      0 |          0 |
|                     gen_mem_rep[0].inst_xpm_memory                      |                      design_3_axi_smc_0_xpm_memory_sdpram__parameterized0__10 |         56 |          0 |      56 |    0 |    64 |      0 |      0 |          0 |
|                       xpm_memory_base_inst                              |                        design_3_axi_smc_0_xpm_memory_base__parameterized0__10 |         56 |          0 |      56 |    0 |    64 |      0 |      0 |          0 |
|           m03_b_node                                                    |                                            design_3_axi_smc_0_bd_17c8_m03bn_0 |         87 |         81 |       6 |    0 |    65 |      0 |      0 |          0 |
|             inst                                                        |                        design_3_axi_smc_0_sc_node_v1_0_18_top__parameterized6 |         87 |         81 |       6 |    0 |    65 |      0 |      0 |          0 |
|               inst_mi_handler                                           |                 design_3_axi_smc_0_sc_node_v1_0_18_mi_handler__parameterized6 |         83 |         77 |       6 |    0 |    60 |      0 |      0 |          0 |
|           m03_r_node                                                    |                                            design_3_axi_smc_0_bd_17c8_m03rn_0 |        140 |         82 |      58 |    0 |   133 |      0 |      0 |          0 |
|             inst                                                        |                        design_3_axi_smc_0_sc_node_v1_0_18_top__parameterized7 |        140 |         82 |      58 |    0 |   133 |      0 |      0 |          0 |
|               inst_mi_handler                                           |                 design_3_axi_smc_0_sc_node_v1_0_18_mi_handler__parameterized7 |        136 |         78 |      58 |    0 |   128 |      0 |      0 |          0 |
|                 gen_normal_area.inst_fifo_node_payld                    |                       design_3_axi_smc_0_sc_node_v1_0_18_fifo__parameterized7 |         90 |         36 |      54 |    0 |    92 |      0 |      0 |          0 |
|                   gen_xpm_memory_fifo.inst_fifo                         |             design_3_axi_smc_0_sc_util_v1_0_4_xpm_memory_fifo__parameterized7 |         90 |         36 |      54 |    0 |    92 |      0 |      0 |          0 |
|                     gen_mem_rep[0].inst_xpm_memory                      |                       design_3_axi_smc_0_xpm_memory_sdpram__parameterized3__4 |         54 |          0 |      54 |    0 |    70 |      0 |      0 |          0 |
|                       xpm_memory_base_inst                              |                         design_3_axi_smc_0_xpm_memory_base__parameterized3__4 |         54 |          0 |      54 |    0 |    70 |      0 |      0 |          0 |
|           m03_w_node                                                    |                                            design_3_axi_smc_0_bd_17c8_m03wn_0 |        147 |         91 |      56 |    0 |   146 |      0 |      0 |          0 |
|             inst                                                        |                        design_3_axi_smc_0_sc_node_v1_0_18_top__parameterized8 |        147 |         91 |      56 |    0 |   146 |      0 |      0 |          0 |
|               inst_mi_handler                                           |                 design_3_axi_smc_0_sc_node_v1_0_18_mi_handler__parameterized8 |        114 |         62 |      52 |    0 |   118 |      0 |      0 |          0 |
|                 gen_normal_area.inst_fifo_node_payld                    |            design_3_axi_smc_0_sc_node_v1_0_18_fifo__parameterized6__xdcDup__4 |         78 |         26 |      52 |    0 |    93 |      0 |      0 |          0 |
|                   gen_xpm_memory_fifo.inst_fifo                         |  design_3_axi_smc_0_sc_util_v1_0_4_xpm_memory_fifo__parameterized6__xdcDup__4 |         78 |         26 |      52 |    0 |    93 |      0 |      0 |          0 |
|                     gen_mem_rep[0].inst_xpm_memory                      |                       design_3_axi_smc_0_xpm_memory_sdpram__parameterized5__5 |         52 |          0 |      52 |    0 |    72 |      0 |      0 |          0 |
|                       xpm_memory_base_inst                              |                         design_3_axi_smc_0_xpm_memory_base__parameterized5__5 |         52 |          0 |      52 |    0 |    72 |      0 |      0 |          0 |
|         m04_exit_pipeline                                               |                               design_3_axi_smc_0_m04_exit_pipeline_imp_ZR5EVE |        221 |        217 |       0 |    4 |   333 |      0 |      0 |          0 |
|           m04_exit                                                      |                                             design_3_axi_smc_0_bd_17c8_m04e_0 |        221 |        217 |       0 |    4 |   333 |      0 |      0 |          0 |
|             inst                                                        |                                        design_3_axi_smc_0_sc_exit_v1_0_17_top |        221 |        217 |       0 |    4 |   333 |      0 |      0 |          0 |
|               w_reg                                                     |                           design_3_axi_smc_0_sc_util_v1_0_4_axi_reg_stall_191 |         21 |         21 |       0 |    0 |    68 |      0 |      0 |          0 |
|               r_reg                                                     |                           design_3_axi_smc_0_sc_util_v1_0_4_axi_reg_stall_190 |         38 |         38 |       0 |    0 |    68 |      0 |      0 |          0 |
|               splitter_inst                                             |                                   design_3_axi_smc_0_sc_exit_v1_0_17_splitter |        106 |        106 |       0 |    0 |   144 |      0 |      0 |          0 |
|                 gen_axi4lite.axilite_conv                               |                               design_3_axi_smc_0_sc_exit_v1_0_17_axilite_conv |        106 |        106 |       0 |    0 |   144 |      0 |      0 |          0 |
|         m04_nodes                                                       |                                      design_3_axi_smc_0_m04_nodes_imp_15L82PP |        590 |        435 |     154 |    1 |   564 |      0 |      0 |          0 |
|           m04_ar_node                                                   |                                           design_3_axi_smc_0_bd_17c8_m04arn_0 |         96 |         72 |      24 |    0 |    77 |      0 |      0 |          0 |
|             inst                                                        |                                        design_3_axi_smc_0_sc_node_v1_0_18_top |         96 |         72 |      24 |    0 |    77 |      0 |      0 |          0 |
|               inst_mi_handler                                           |                                 design_3_axi_smc_0_sc_node_v1_0_18_mi_handler |         86 |         62 |      24 |    0 |    66 |      0 |      0 |          0 |
|                 gen_normal_area.inst_fifo_node_payld                    |            design_3_axi_smc_0_sc_node_v1_0_18_fifo__parameterized0__xdcDup__9 |         51 |         27 |      24 |    0 |    42 |      0 |      0 |          0 |
|                   gen_xpm_memory_fifo.inst_fifo                         |  design_3_axi_smc_0_sc_util_v1_0_4_xpm_memory_fifo__parameterized0__xdcDup__9 |         51 |         27 |      24 |    0 |    42 |      0 |      0 |          0 |
|           m04_aw_node                                                   |                                           design_3_axi_smc_0_bd_17c8_m04awn_0 |         97 |         88 |       8 |    1 |    70 |      0 |      0 |          0 |
|             inst                                                        |                        design_3_axi_smc_0_sc_node_v1_0_18_top__parameterized0 |         97 |         88 |       8 |    1 |    70 |      0 |      0 |          0 |
|           m04_b_node                                                    |                                            design_3_axi_smc_0_bd_17c8_m04bn_0 |         83 |         77 |       6 |    0 |    61 |      0 |      0 |          0 |
|             inst                                                        |                        design_3_axi_smc_0_sc_node_v1_0_18_top__parameterized1 |         83 |         77 |       6 |    0 |    61 |      0 |      0 |          0 |
|               inst_mi_handler                                           |                 design_3_axi_smc_0_sc_node_v1_0_18_mi_handler__parameterized1 |         79 |         73 |       6 |    0 |    56 |      0 |      0 |          0 |
|           m04_r_node                                                    |                                            design_3_axi_smc_0_bd_17c8_m04rn_0 |        140 |         82 |      58 |    0 |   216 |      0 |      0 |          0 |
|             inst                                                        |                        design_3_axi_smc_0_sc_node_v1_0_18_top__parameterized2 |        140 |         82 |      58 |    0 |   216 |      0 |      0 |          0 |
|               inst_mi_handler                                           |                 design_3_axi_smc_0_sc_node_v1_0_18_mi_handler__parameterized2 |        135 |         77 |      58 |    0 |   211 |      0 |      0 |          0 |
|                 gen_normal_area.inst_fifo_node_payld                    |                       design_3_axi_smc_0_sc_node_v1_0_18_fifo__parameterized4 |         85 |         31 |      54 |    0 |    92 |      0 |      0 |          0 |
|                   gen_xpm_memory_fifo.inst_fifo                         |             design_3_axi_smc_0_sc_util_v1_0_4_xpm_memory_fifo__parameterized4 |         85 |         31 |      54 |    0 |    92 |      0 |      0 |          0 |
|                     gen_mem_rep[0].inst_xpm_memory                      |                       design_3_axi_smc_0_xpm_memory_sdpram__parameterized3__6 |         54 |          0 |      54 |    0 |    70 |      0 |      0 |          0 |
|                       xpm_memory_base_inst                              |                         design_3_axi_smc_0_xpm_memory_base__parameterized3__6 |         54 |          0 |      54 |    0 |    70 |      0 |      0 |          0 |
|                 gen_normal_area.gen_upsizer.inst_upsizer                |                                    design_3_axi_smc_0_sc_node_v1_0_18_upsizer |         12 |         12 |       0 |    0 |    85 |      0 |      0 |          0 |
|                   (gen_normal_area.gen_upsizer.inst_upsizer)            |                                    design_3_axi_smc_0_sc_node_v1_0_18_upsizer |         11 |         11 |       0 |    0 |    80 |      0 |      0 |          0 |
|           m04_w_node                                                    |                                            design_3_axi_smc_0_bd_17c8_m04wn_0 |        175 |        117 |      58 |    0 |   140 |      0 |      0 |          0 |
|             inst                                                        |                        design_3_axi_smc_0_sc_node_v1_0_18_top__parameterized3 |        175 |        117 |      58 |    0 |   140 |      0 |      0 |          0 |
|               inst_mi_handler                                           |                 design_3_axi_smc_0_sc_node_v1_0_18_mi_handler__parameterized3 |        155 |         99 |      56 |    0 |   123 |      0 |      0 |          0 |
|                 gen_normal_area.inst_fifo_node_payld                    |                       design_3_axi_smc_0_sc_node_v1_0_18_fifo__parameterized6 |        122 |         66 |      56 |    0 |    96 |      0 |      0 |          0 |
|                   gen_xpm_memory_fifo.inst_fifo                         |             design_3_axi_smc_0_sc_util_v1_0_4_xpm_memory_fifo__parameterized6 |        122 |         66 |      56 |    0 |    96 |      0 |      0 |          0 |
|                     gen_mem_rep[0].inst_xpm_memory                      |                       design_3_axi_smc_0_xpm_memory_sdpram__parameterized5__7 |         56 |          0 |      56 |    0 |    75 |      0 |      0 |          0 |
|                       xpm_memory_base_inst                              |                         design_3_axi_smc_0_xpm_memory_base__parameterized5__7 |         56 |          0 |      56 |    0 |    75 |      0 |      0 |          0 |
|         s00_entry_pipeline                                              |                              design_3_axi_smc_0_s00_entry_pipeline_imp_QG7P1L |        418 |        400 |       0 |   18 |   685 |      0 |      0 |          0 |
|           s00_mmu                                                       |                                           design_3_axi_smc_0_bd_17c8_s00mmu_0 |        275 |        270 |       0 |    5 |   466 |      0 |      0 |          0 |
|             inst                                                        |                                         design_3_axi_smc_0_sc_mmu_v1_0_15_top |        275 |        270 |       0 |    5 |   466 |      0 |      0 |          0 |
|               w_sreg                                                    |                           design_3_axi_smc_0_sc_util_v1_0_4_axi_reg_stall_140 |         27 |         27 |       0 |    0 |    76 |      0 |      0 |          0 |
|               ar_reg_stall                                              |                           design_3_axi_smc_0_sc_util_v1_0_4_axi_reg_stall_132 |         31 |         31 |       0 |    0 |    82 |      0 |      0 |          0 |
|               ar_sreg                                                   |                           design_3_axi_smc_0_sc_util_v1_0_4_axi_reg_stall_133 |         46 |         46 |       0 |    0 |    68 |      0 |      0 |          0 |
|               aw_reg_stall                                              |                           design_3_axi_smc_0_sc_util_v1_0_4_axi_reg_stall_134 |         33 |         33 |       0 |    0 |    82 |      0 |      0 |          0 |
|               aw_sreg                                                   |                           design_3_axi_smc_0_sc_util_v1_0_4_axi_reg_stall_135 |         55 |         55 |       0 |    0 |    68 |      0 |      0 |          0 |
|           s00_transaction_regulator                                     |                                            design_3_axi_smc_0_bd_17c8_s00tr_0 |        100 |        100 |       0 |    0 |   194 |      0 |      0 |          0 |
|             inst                                                        |                       design_3_axi_smc_0_sc_transaction_regulator_v1_0_11_top |        100 |        100 |       0 |    0 |   194 |      0 |      0 |          0 |
|               gen_endpoint.gen_w_singleorder.w_singleorder              |           design_3_axi_smc_0_sc_transaction_regulator_v1_0_11_singleorder_115 |         50 |         50 |       0 |    0 |    95 |      0 |      0 |          0 |
|                 gen_cmd_reg.cmd_reg                                     |                           design_3_axi_smc_0_sc_util_v1_0_4_axi_reg_stall_116 |         47 |         47 |       0 |    0 |    84 |      0 |      0 |          0 |
|               gen_endpoint.gen_r_singleorder.r_singleorder              |               design_3_axi_smc_0_sc_transaction_regulator_v1_0_11_singleorder |         48 |         48 |       0 |    0 |    95 |      0 |      0 |          0 |
|                 gen_cmd_reg.cmd_reg                                     |                           design_3_axi_smc_0_sc_util_v1_0_4_axi_reg_stall_117 |         46 |         46 |       0 |    0 |    84 |      0 |      0 |          0 |
|         s00_nodes                                                       |                                       design_3_axi_smc_0_s00_nodes_imp_KSFK43 |        713 |        471 |     242 |    0 |   800 |      0 |      0 |          0 |
|           s00_ar_node                                                   |                                             design_3_axi_smc_0_bd_17c8_sarn_0 |        145 |         81 |      64 |    0 |   164 |      0 |      0 |          0 |
|             inst                                                        |                        design_3_axi_smc_0_sc_node_v1_0_18_top__parameterized9 |        145 |         81 |      64 |    0 |   164 |      0 |      0 |          0 |
|               inst_mi_handler                                           |      design_3_axi_smc_0_sc_node_v1_0_18_mi_handler__parameterized9__xdcDup__1 |        142 |         78 |      64 |    0 |   159 |      0 |      0 |          0 |
|                 gen_normal_area.inst_fifo_node_payld                    |            design_3_axi_smc_0_sc_node_v1_0_18_fifo__parameterized9__xdcDup__1 |         97 |         37 |      60 |    0 |   111 |      0 |      0 |          0 |
|                   gen_xpm_memory_fifo.inst_fifo                         |  design_3_axi_smc_0_sc_util_v1_0_4_xpm_memory_fifo__parameterized9__xdcDup__1 |         97 |         37 |      60 |    0 |   111 |      0 |      0 |          0 |
|                     gen_mem_rep[0].inst_xpm_memory                      |                       design_3_axi_smc_0_xpm_memory_sdpram__parameterized7__5 |         60 |          0 |      60 |    0 |    89 |      0 |      0 |          0 |
|                       xpm_memory_base_inst                              |                         design_3_axi_smc_0_xpm_memory_base__parameterized7__5 |         60 |          0 |      60 |    0 |    89 |      0 |      0 |          0 |
|           s00_aw_node                                                   |                                             design_3_axi_smc_0_bd_17c8_sawn_0 |        141 |         81 |      60 |    0 |   158 |      0 |      0 |          0 |
|             inst                                                        |                       design_3_axi_smc_0_sc_node_v1_0_18_top__parameterized10 |        141 |         81 |      60 |    0 |   158 |      0 |      0 |          0 |
|               inst_mi_handler                                           |     design_3_axi_smc_0_sc_node_v1_0_18_mi_handler__parameterized10__xdcDup__1 |        138 |         78 |      60 |    0 |   153 |      0 |      0 |          0 |
|                 gen_normal_area.inst_fifo_node_payld                    |            design_3_axi_smc_0_sc_node_v1_0_18_fifo__parameterized9__xdcDup__2 |         93 |         37 |      56 |    0 |   105 |      0 |      0 |          0 |
|                   gen_xpm_memory_fifo.inst_fifo                         |  design_3_axi_smc_0_sc_util_v1_0_4_xpm_memory_fifo__parameterized9__xdcDup__2 |         93 |         37 |      56 |    0 |   105 |      0 |      0 |          0 |
|                     gen_mem_rep[0].inst_xpm_memory                      |                       design_3_axi_smc_0_xpm_memory_sdpram__parameterized7__4 |         56 |          0 |      56 |    0 |    83 |      0 |      0 |          0 |
|                       xpm_memory_base_inst                              |                         design_3_axi_smc_0_xpm_memory_base__parameterized7__4 |         56 |          0 |      56 |    0 |    83 |      0 |      0 |          0 |
|           s00_b_node                                                    |                                              design_3_axi_smc_0_bd_17c8_sbn_0 |         97 |         93 |       4 |    0 |    79 |      0 |      0 |          0 |
|             inst                                                        |                       design_3_axi_smc_0_sc_node_v1_0_18_top__parameterized11 |         97 |         93 |       4 |    0 |    79 |      0 |      0 |          0 |
|           s00_r_node                                                    |                                              design_3_axi_smc_0_bd_17c8_srn_0 |        176 |        124 |      52 |    0 |   150 |      0 |      0 |          0 |
|             inst                                                        |                       design_3_axi_smc_0_sc_node_v1_0_18_top__parameterized12 |        176 |        124 |      52 |    0 |   150 |      0 |      0 |          0 |
|               inst_mi_handler                                           |     design_3_axi_smc_0_sc_node_v1_0_18_mi_handler__parameterized12__xdcDup__1 |        149 |         97 |      52 |    0 |   120 |      0 |      0 |          0 |
|                 gen_normal_area.inst_fifo_node_payld                    |           design_3_axi_smc_0_sc_node_v1_0_18_fifo__parameterized11__xdcDup__1 |        113 |         61 |      52 |    0 |    89 |      0 |      0 |          0 |
|                   gen_xpm_memory_fifo.inst_fifo                         | design_3_axi_smc_0_sc_util_v1_0_4_xpm_memory_fifo__parameterized11__xdcDup__1 |        113 |         61 |      52 |    0 |    89 |      0 |      0 |          0 |
|                     gen_mem_rep[0].inst_xpm_memory                      |                       design_3_axi_smc_0_xpm_memory_sdpram__parameterized9__2 |         52 |          0 |      52 |    0 |    68 |      0 |      0 |          0 |
|                       xpm_memory_base_inst                              |                         design_3_axi_smc_0_xpm_memory_base__parameterized9__2 |         52 |          0 |      52 |    0 |    68 |      0 |      0 |          0 |
|           s00_w_node                                                    |                                              design_3_axi_smc_0_bd_17c8_swn_0 |        154 |         92 |      62 |    0 |   249 |      0 |      0 |          0 |
|             inst                                                        |                       design_3_axi_smc_0_sc_node_v1_0_18_top__parameterized13 |        154 |         92 |      62 |    0 |   249 |      0 |      0 |          0 |
|               inst_mi_handler                                           |     design_3_axi_smc_0_sc_node_v1_0_18_mi_handler__parameterized13__xdcDup__1 |        149 |         87 |      62 |    0 |   244 |      0 |      0 |          0 |
|                 gen_normal_area.inst_fifo_node_payld                    |           design_3_axi_smc_0_sc_node_v1_0_18_fifo__parameterized13__xdcDup__1 |         98 |         40 |      58 |    0 |    98 |      0 |      0 |          0 |
|                   gen_xpm_memory_fifo.inst_fifo                         | design_3_axi_smc_0_sc_util_v1_0_4_xpm_memory_fifo__parameterized13__xdcDup__1 |         98 |         40 |      58 |    0 |    98 |      0 |      0 |          0 |
|                     gen_mem_rep[0].inst_xpm_memory                      |                      design_3_axi_smc_0_xpm_memory_sdpram__parameterized10__2 |         58 |          0 |      58 |    0 |    76 |      0 |      0 |          0 |
|                       xpm_memory_base_inst                              |                        design_3_axi_smc_0_xpm_memory_base__parameterized10__2 |         58 |          0 |      58 |    0 |    76 |      0 |      0 |          0 |
|                 gen_normal_area.gen_upsizer.inst_upsizer                |                 design_3_axi_smc_0_sc_node_v1_0_18_upsizer__parameterized0_56 |          9 |          9 |       0 |    0 |    95 |      0 |      0 |          0 |
|                   (gen_normal_area.gen_upsizer.inst_upsizer)            |                 design_3_axi_smc_0_sc_node_v1_0_18_upsizer__parameterized0_56 |          9 |          9 |       0 |    0 |    89 |      0 |      0 |          0 |
|         s01_entry_pipeline                                              |                             design_3_axi_smc_0_s01_entry_pipeline_imp_1IFCDWD |        175 |        175 |       0 |    0 |   268 |      0 |      0 |          0 |
|           s01_mmu                                                       |                                           design_3_axi_smc_0_bd_17c8_s01mmu_0 |        164 |        164 |       0 |    0 |   264 |      0 |      0 |          0 |
|             inst                                                        |                         design_3_axi_smc_0_sc_mmu_v1_0_15_top__parameterized0 |        164 |        164 |       0 |    0 |   264 |      0 |      0 |          0 |
|               r_sreg                                                    |                            design_3_axi_smc_0_sc_util_v1_0_4_axi_reg_stall_53 |         61 |         61 |       0 |    0 |    74 |      0 |      0 |          0 |
|               ar_reg_stall                                              |                            design_3_axi_smc_0_sc_util_v1_0_4_axi_reg_stall_50 |         34 |         34 |       0 |    0 |    82 |      0 |      0 |          0 |
|               ar_sreg                                                   |                            design_3_axi_smc_0_sc_util_v1_0_4_axi_reg_stall_51 |         45 |         45 |       0 |    0 |    84 |      0 |      0 |          0 |
|         s01_nodes                                                       |                                      design_3_axi_smc_0_s01_nodes_imp_1NWF10L |        302 |        186 |     116 |    0 |   277 |      0 |      0 |          0 |
|           s01_ar_node                                                   |                                             design_3_axi_smc_0_bd_17c8_sarn_1 |        142 |         78 |      64 |    0 |   148 |      0 |      0 |          0 |
|             inst                                                        |                       design_3_axi_smc_0_sc_node_v1_0_18_top__parameterized14 |        142 |         78 |      64 |    0 |   148 |      0 |      0 |          0 |
|               inst_mi_handler                                           |                 design_3_axi_smc_0_sc_node_v1_0_18_mi_handler__parameterized9 |        138 |         74 |      64 |    0 |   143 |      0 |      0 |          0 |
|                 gen_normal_area.inst_fifo_node_payld                    |            design_3_axi_smc_0_sc_node_v1_0_18_fifo__parameterized9__xdcDup__3 |         99 |         39 |      60 |    0 |   111 |      0 |      0 |          0 |
|                   gen_xpm_memory_fifo.inst_fifo                         |  design_3_axi_smc_0_sc_util_v1_0_4_xpm_memory_fifo__parameterized9__xdcDup__3 |         99 |         39 |      60 |    0 |   111 |      0 |      0 |          0 |
|                     gen_mem_rep[0].inst_xpm_memory                      |                          design_3_axi_smc_0_xpm_memory_sdpram__parameterized7 |         60 |          0 |      60 |    0 |    89 |      0 |      0 |          0 |
|                       xpm_memory_base_inst                              |                            design_3_axi_smc_0_xpm_memory_base__parameterized7 |         60 |          0 |      60 |    0 |    89 |      0 |      0 |          0 |
|           s01_r_node                                                    |                                              design_3_axi_smc_0_bd_17c8_srn_1 |        160 |        108 |      52 |    0 |   129 |      0 |      0 |          0 |
|             inst                                                        |                       design_3_axi_smc_0_sc_node_v1_0_18_top__parameterized15 |        160 |        108 |      52 |    0 |   129 |      0 |      0 |          0 |
|               inst_mi_handler                                           |                design_3_axi_smc_0_sc_node_v1_0_18_mi_handler__parameterized12 |        150 |         98 |      52 |    0 |   118 |      0 |      0 |          0 |
|                 gen_normal_area.inst_fifo_node_payld                    |                      design_3_axi_smc_0_sc_node_v1_0_18_fifo__parameterized11 |        114 |         62 |      52 |    0 |    90 |      0 |      0 |          0 |
|                   gen_xpm_memory_fifo.inst_fifo                         |            design_3_axi_smc_0_sc_util_v1_0_4_xpm_memory_fifo__parameterized11 |        114 |         62 |      52 |    0 |    90 |      0 |      0 |          0 |
|                     gen_mem_rep[0].inst_xpm_memory                      |                          design_3_axi_smc_0_xpm_memory_sdpram__parameterized9 |         52 |          0 |      52 |    0 |    69 |      0 |      0 |          0 |
|                       xpm_memory_base_inst                              |                            design_3_axi_smc_0_xpm_memory_base__parameterized9 |         52 |          0 |      52 |    0 |    69 |      0 |      0 |          0 |
|         s02_entry_pipeline                                              |                             design_3_axi_smc_0_s02_entry_pipeline_imp_1DLLGTC |        194 |        190 |       0 |    4 |   311 |      0 |      0 |          0 |
|           s02_mmu                                                       |                                           design_3_axi_smc_0_bd_17c8_s02mmu_0 |        154 |        153 |       0 |    1 |   295 |      0 |      0 |          0 |
|             inst                                                        |                         design_3_axi_smc_0_sc_mmu_v1_0_15_top__parameterized1 |        154 |        153 |       0 |    1 |   295 |      0 |      0 |          0 |
|               w_sreg                                                    |                            design_3_axi_smc_0_sc_util_v1_0_4_axi_reg_stall_31 |         31 |         31 |       0 |    0 |    78 |      0 |      0 |          0 |
|               aw_reg_stall                                              |                               design_3_axi_smc_0_sc_util_v1_0_4_axi_reg_stall |         35 |         35 |       0 |    0 |    84 |      0 |      0 |          0 |
|               aw_sreg                                                   |                            design_3_axi_smc_0_sc_util_v1_0_4_axi_reg_stall_29 |         48 |         48 |       0 |    0 |    86 |      0 |      0 |          0 |
|         s02_nodes                                                       |                                      design_3_axi_smc_0_s02_nodes_imp_1BL7LTQ |        348 |        230 |     118 |    0 |   418 |      0 |      0 |          0 |
|           s02_aw_node                                                   |                                             design_3_axi_smc_0_bd_17c8_sawn_1 |        139 |         79 |      60 |    0 |   142 |      0 |      0 |          0 |
|             inst                                                        |                       design_3_axi_smc_0_sc_node_v1_0_18_top__parameterized16 |        139 |         79 |      60 |    0 |   142 |      0 |      0 |          0 |
|               inst_mi_handler                                           |                design_3_axi_smc_0_sc_node_v1_0_18_mi_handler__parameterized10 |        135 |         75 |      60 |    0 |   137 |      0 |      0 |          0 |
|                 gen_normal_area.inst_fifo_node_payld                    |                       design_3_axi_smc_0_sc_node_v1_0_18_fifo__parameterized9 |         95 |         39 |      56 |    0 |   105 |      0 |      0 |          0 |
|                   gen_xpm_memory_fifo.inst_fifo                         |             design_3_axi_smc_0_sc_util_v1_0_4_xpm_memory_fifo__parameterized9 |         95 |         39 |      56 |    0 |   105 |      0 |      0 |          0 |
|                     gen_mem_rep[0].inst_xpm_memory                      |                       design_3_axi_smc_0_xpm_memory_sdpram__parameterized7__6 |         56 |          0 |      56 |    0 |    83 |      0 |      0 |          0 |
|                       xpm_memory_base_inst                              |                         design_3_axi_smc_0_xpm_memory_base__parameterized7__6 |         56 |          0 |      56 |    0 |    83 |      0 |      0 |          0 |
|           s02_b_node                                                    |                                              design_3_axi_smc_0_bd_17c8_sbn_1 |         76 |         72 |       4 |    0 |    59 |      0 |      0 |          0 |
|             inst                                                        |                       design_3_axi_smc_0_sc_node_v1_0_18_top__parameterized17 |         76 |         72 |       4 |    0 |    59 |      0 |      0 |          0 |
|           s02_w_node                                                    |                                              design_3_axi_smc_0_bd_17c8_swn_1 |        134 |         80 |      54 |    0 |   217 |      0 |      0 |          0 |
|             inst                                                        |                       design_3_axi_smc_0_sc_node_v1_0_18_top__parameterized18 |        134 |         80 |      54 |    0 |   217 |      0 |      0 |          0 |
|               inst_mi_handler                                           |                design_3_axi_smc_0_sc_node_v1_0_18_mi_handler__parameterized13 |        130 |         76 |      54 |    0 |   212 |      0 |      0 |          0 |
|                 gen_normal_area.inst_fifo_node_payld                    |                      design_3_axi_smc_0_sc_node_v1_0_18_fifo__parameterized13 |         81 |         31 |      50 |    0 |    96 |      0 |      0 |          0 |
|                   gen_xpm_memory_fifo.inst_fifo                         |            design_3_axi_smc_0_sc_util_v1_0_4_xpm_memory_fifo__parameterized13 |         81 |         31 |      50 |    0 |    96 |      0 |      0 |          0 |
|                     gen_mem_rep[0].inst_xpm_memory                      |                         design_3_axi_smc_0_xpm_memory_sdpram__parameterized10 |         50 |          0 |      50 |    0 |    74 |      0 |      0 |          0 |
|                       xpm_memory_base_inst                              |                           design_3_axi_smc_0_xpm_memory_base__parameterized10 |         50 |          0 |      50 |    0 |    74 |      0 |      0 |          0 |
|                 gen_normal_area.gen_upsizer.inst_upsizer                |                    design_3_axi_smc_0_sc_node_v1_0_18_upsizer__parameterized0 |         11 |         11 |       0 |    0 |    81 |      0 |      0 |          0 |
|                   (gen_normal_area.gen_upsizer.inst_upsizer)            |                    design_3_axi_smc_0_sc_node_v1_0_18_upsizer__parameterized0 |         11 |         11 |       0 |    0 |    79 |      0 |      0 |          0 |
|         switchboards                                                    |                                    design_3_axi_smc_0_switchboards_imp_96OGAV |        342 |        342 |       0 |    0 |   638 |      0 |      0 |          0 |
|           ar_switchboard                                                |                                             design_3_axi_smc_0_bd_17c8_arsw_0 |         45 |         45 |       0 |    0 |   178 |      0 |      0 |          0 |
|             inst                                                        |                                  design_3_axi_smc_0_sc_switchboard_v1_0_8_top |         45 |         45 |       0 |    0 |   178 |      0 |      0 |          0 |
|               gen_mi[3].inst_opipe_payld                                |                 design_3_axi_smc_0_sc_util_v1_0_4_pipeline__parameterized14_9 |         45 |         45 |       0 |    0 |    89 |      0 |      0 |          0 |
|           aw_switchboard                                                |                                             design_3_axi_smc_0_bd_17c8_awsw_0 |         42 |         42 |       0 |    0 |   166 |      0 |      0 |          0 |
|             inst                                                        |                               design_3_axi_smc_0_sc_switchboard_v1_0_8_top__1 |         42 |         42 |       0 |    0 |   166 |      0 |      0 |          0 |
|               gen_mi[2].inst_opipe_payld                                |                 design_3_axi_smc_0_sc_util_v1_0_4_pipeline__parameterized14_4 |          0 |          0 |       0 |    0 |    59 |      0 |      0 |          0 |
|               gen_mi[3].inst_opipe_payld                                |                 design_3_axi_smc_0_sc_util_v1_0_4_pipeline__parameterized14_5 |         42 |         42 |       0 |    0 |    83 |      0 |      0 |          0 |
|           r_switchboard                                                 |                                              design_3_axi_smc_0_bd_17c8_rsw_0 |        211 |        211 |       0 |    0 |   140 |      0 |      0 |          0 |
|             inst                                                        |                  design_3_axi_smc_0_sc_switchboard_v1_0_8_top__parameterized1 |        211 |        211 |       0 |    0 |   140 |      0 |      0 |          0 |
|               gen_mi[0].inst_opipe_payld                                |                   design_3_axi_smc_0_sc_util_v1_0_4_pipeline__parameterized16 |        210 |        210 |       0 |    0 |    70 |      0 |      0 |          0 |
|               gen_mi[1].inst_opipe_payld                                |                 design_3_axi_smc_0_sc_util_v1_0_4_pipeline__parameterized16_1 |          1 |          1 |       0 |    0 |    70 |      0 |      0 |          0 |
|           w_switchboard                                                 |                                              design_3_axi_smc_0_bd_17c8_wsw_0 |         37 |         37 |       0 |    0 |   150 |      0 |      0 |          0 |
|             inst                                                        |                  design_3_axi_smc_0_sc_switchboard_v1_0_8_top__parameterized2 |         37 |         37 |       0 |    0 |   150 |      0 |      0 |          0 |
|               gen_mi[0].inst_opipe_payld                                |                   design_3_axi_smc_0_sc_util_v1_0_4_pipeline__parameterized17 |          0 |          0 |       0 |    0 |    76 |      0 |      0 |          0 |
|               gen_mi[3].inst_opipe_payld                                |                 design_3_axi_smc_0_sc_util_v1_0_4_pipeline__parameterized17_0 |          0 |          0 |       0 |    0 |    74 |      0 |      0 |          0 |
|     axi_timer_0                                                         |                                                        design_3_axi_timer_0_0 |        290 |        290 |       0 |    0 |   240 |      0 |      0 |          0 |
|       U0                                                                |                                              design_3_axi_timer_0_0_axi_timer |        290 |        290 |       0 |    0 |   240 |      0 |      0 |          0 |
|         AXI4_LITE_I                                                     |                                          design_3_axi_timer_0_0_axi_lite_ipif |        122 |        122 |       0 |    0 |    62 |      0 |      0 |          0 |
|           I_SLAVE_ATTACHMENT                                            |                                       design_3_axi_timer_0_0_slave_attachment |        122 |        122 |       0 |    0 |    62 |      0 |      0 |          0 |
|             (I_SLAVE_ATTACHMENT)                                        |                                       design_3_axi_timer_0_0_slave_attachment |         13 |         13 |       0 |    0 |    54 |      0 |      0 |          0 |
|             I_DECODER                                                   |                                        design_3_axi_timer_0_0_address_decoder |        109 |        109 |       0 |    0 |     8 |      0 |      0 |          0 |
|               (I_DECODER)                                               |                                        design_3_axi_timer_0_0_address_decoder |        103 |        103 |       0 |    0 |     8 |      0 |      0 |          0 |
|         TC_CORE_I                                                       |                                                design_3_axi_timer_0_0_tc_core |        169 |        169 |       0 |    0 |   178 |      0 |      0 |          0 |
|           COUNTER_0_I                                                   |                                           design_3_axi_timer_0_0_count_module |         50 |         50 |       0 |    0 |    65 |      0 |      0 |          0 |
|             COUNTER_I                                                   |                                            design_3_axi_timer_0_0_counter_f_1 |         50 |         50 |       0 |    0 |    33 |      0 |      0 |          0 |
|           GEN_SECOND_TIMER.COUNTER_1_I                                  |                                         design_3_axi_timer_0_0_count_module_0 |         83 |         83 |       0 |    0 |    65 |      0 |      0 |          0 |
|             COUNTER_I                                                   |                                              design_3_axi_timer_0_0_counter_f |         83 |         83 |       0 |    0 |    33 |      0 |      0 |          0 |
|     mdm_1                                                               |                                                              design_3_mdm_1_1 |        143 |        138 |       0 |    5 |   199 |      0 |      0 |          0 |
|       U0                                                                |                                                    design_3_mdm_1_1_MDM_RISCV |        143 |        138 |       0 |    5 |   199 |      0 |      0 |          0 |
|         MDM_Core_I1                                                     |                                                     design_3_mdm_1_1_MDM_Core |        110 |        108 |       0 |    2 |   151 |      0 |      0 |          0 |
|           JTAG_CONTROL_I                                                |                                                 design_3_mdm_1_1_JTAG_CONTROL |        110 |        108 |       0 |    2 |   151 |      0 |      0 |          0 |
|             (JTAG_CONTROL_I)                                            |                                                 design_3_mdm_1_1_JTAG_CONTROL |        109 |        107 |       0 |    2 |   151 |      0 |      0 |          0 |
+-------------------------------------------------------------------------+-------------------------------------------------------------------------------+------------+------------+---------+------+-------+--------+--------+------------+
* Note: The sum of lower-level cells may be larger than their parent cells total, due to cross-hierarchy LUT combining


